2017-02-13 17:41:33 Notice: Notice (8): Undefined variable: anne in [/var/www/poker/controllers/joueurs_controller.php, line 142]
2017-02-13 17:41:33 Notice: Notice (8): Undefined property: View::$Paginator in [/var/www/poker/views/joueurs/index.ctp, line 5]
2017-02-13 17:41:35 Notice: Notice (8): Undefined variable: anne in [/var/www/poker/controllers/joueurs_controller.php, line 142]
2017-02-13 17:41:35 Notice: Notice (8): Undefined property: View::$Paginator in [/var/www/poker/views/joueurs/index.ctp, line 5]
2017-02-13 17:43:26 Notice: Notice (8): Undefined variable: anne in [/var/www/poker/controllers/joueurs_controller.php, line 142]
2017-02-13 17:43:26 Notice: Notice (8): Undefined property: View::$Paginator in [/var/www/poker/views/joueurs/index.ctp, line 5]
2017-02-13 17:46:20 Notice: Notice (8): Undefined variable: anne in [/var/www/poker/controllers/joueurs_controller.php, line 142]
2017-02-13 17:46:20 Notice: Notice (8): Undefined property: View::$Paginator in [/var/www/poker/views/joueurs/index.ctp, line 5]
2017-02-13 17:52:58 Notice: Notice (8): Undefined property: View::$Paginator in [/var/www/poker/views/joueurs/index.ctp, line 5]
2017-02-13 17:54:11 Notice: Notice (8): Undefined property: View::$Paginator in [/var/www/poker/views/joueurs/index.ctp, line 5]
2017-02-13 17:57:09 Notice: Notice (8): Undefined property: View::$Paginator in [/var/www/poker/views/joueurs/index.ctp, line 5]
2017-02-13 18:03:38 Notice: Notice (8): Undefined index: Resultat in [/var/www/poker/controllers/joueurs_controller.php, line 44]
2017-02-13 18:03:38 Notice: Notice (8): Undefined variable: anne in [/var/www/poker/controllers/joueurs_controller.php, line 143]
2017-02-13 18:04:22 Notice: Notice (8): Undefined variable: anne in [/var/www/poker/controllers/joueurs_controller.php, line 143]
2017-02-13 18:10:58 Notice: Notice (8): Undefined index: Resultat in [/var/www/poker/controllers/joueurs_controller.php, line 43]
2017-02-13 18:10:58 Notice: Notice (8): Undefined variable: anne in [/var/www/poker/controllers/joueurs_controller.php, line 142]
2017-02-13 18:23:59 Notice: Notice (8): Undefined offset: 0 in [/var/www/poker/controllers/joueurs_controller.php, line 92]
2017-02-13 18:23:59 Notice: Notice (8): Undefined offset: 0 in [/var/www/poker/controllers/joueurs_controller.php, line 94]
2017-02-14 08:15:18 Notice: Notice (8): Undefined offset: 0 in [/var/www/poker/controllers/joueurs_controller.php, line 92]
2017-02-14 08:15:18 Notice: Notice (8): Undefined offset: 0 in [/var/www/poker/controllers/joueurs_controller.php, line 94]
2017-02-14 08:21:23 Notice: Notice (8): Undefined variable: range in [/var/www/poker/controllers/joueurs_controller.php, line 68]
2017-02-14 08:21:23 Notice: Notice (8): Undefined variable: range in [/var/www/poker/controllers/joueurs_controller.php, line 92]
2017-02-14 08:21:23 Notice: Notice (8): Undefined offset: 0 in [/var/www/poker/controllers/joueurs_controller.php, line 94]
2017-02-14 08:21:23 Notice: Notice (8): Undefined offset: 0 in [/var/www/poker/controllers/joueurs_controller.php, line 96]
2017-02-14 08:22:31 Notice: Notice (8): Undefined variable: range in [/var/www/poker/controllers/joueurs_controller.php, line 68]
2017-02-14 08:22:31 Notice: Notice (8): Undefined variable: range in [/var/www/poker/controllers/joueurs_controller.php, line 92]
2017-02-14 08:22:31 Notice: Notice (8): Undefined offset: 0 in [/var/www/poker/controllers/joueurs_controller.php, line 94]
2017-02-14 08:22:31 Notice: Notice (8): Undefined offset: 0 in [/var/www/poker/controllers/joueurs_controller.php, line 96]
2017-02-14 08:39:47 Notice: Notice (8): Undefined variable: range in [/var/www/poker/controllers/joueurs_controller.php, line 68]
2017-02-14 08:39:47 Notice: Notice (8): Undefined variable: range in [/var/www/poker/controllers/joueurs_controller.php, line 92]
2017-02-14 08:39:47 Notice: Notice (8): Undefined offset: 0 in [/var/www/poker/controllers/joueurs_controller.php, line 94]
2017-02-14 08:39:47 Notice: Notice (8): Undefined offset: 0 in [/var/www/poker/controllers/joueurs_controller.php, line 96]
2017-02-14 08:45:54 Notice: Notice (8): Undefined variable: range in [/var/www/poker/controllers/joueurs_controller.php, line 90]
2017-02-14 08:45:54 Notice: Notice (8): Undefined offset: 0 in [/var/www/poker/controllers/joueurs_controller.php, line 92]
2017-02-14 08:45:54 Notice: Notice (8): Undefined offset: 0 in [/var/www/poker/controllers/joueurs_controller.php, line 94]
2017-02-14 08:46:37 Notice: Notice (8): Undefined offset: 0 in [/var/www/poker/controllers/joueurs_controller.php, line 92]
2017-02-14 08:46:37 Notice: Notice (8): Undefined offset: 0 in [/var/www/poker/controllers/joueurs_controller.php, line 94]
2017-02-14 08:47:17 Notice: Notice (8): Undefined offset: 0 in [/var/www/poker/controllers/joueurs_controller.php, line 92]
2017-02-14 08:47:17 Notice: Notice (8): Undefined offset: 0 in [/var/www/poker/controllers/joueurs_controller.php, line 94]
2017-02-14 08:48:14 Notice: Notice (8): Undefined variable: range in [/var/www/poker/controllers/joueurs_controller.php, line 90]
2017-02-14 08:48:14 Notice: Notice (8): Undefined offset: 0 in [/var/www/poker/controllers/joueurs_controller.php, line 92]
2017-02-14 08:48:14 Notice: Notice (8): Undefined offset: 0 in [/var/www/poker/controllers/joueurs_controller.php, line 94]
2017-02-14 08:48:51 Notice: Notice (8): Undefined offset: 0 in [/var/www/poker/controllers/joueurs_controller.php, line 92]
2017-02-14 08:48:51 Notice: Notice (8): Undefined offset: 0 in [/var/www/poker/controllers/joueurs_controller.php, line 94]
2017-02-15 08:51:21 Notice: Notice (8): Undefined variable: filtre in [/var/www/poker/views/elements/navig.ctp, line 15]
2017-02-15 08:51:54 Notice: Notice (8): Undefined variable: filtre in [/var/www/poker/views/elements/navig.ctp, line 15]
2017-02-15 10:24:27 Notice: Notice (8): Undefined variable: filtre in [/var/www/poker/views/elements/navig.ctp, line 15]
2017-02-15 10:25:05 Notice: Notice (8): Undefined variable: filtre in [/var/www/poker/views/elements/navig.ctp, line 15]
2017-02-15 10:35:49 Notice: Notice (8): Undefined variable: filtre in [/var/www/poker/views/elements/navig.ctp, line 15]
2017-02-15 10:36:37 Notice: Notice (8): Undefined variable: filtre in [/var/www/poker/views/elements/navig.ctp, line 15]
2017-02-15 10:39:25 Notice: Notice (8): Undefined index: Resultat in [/var/www/poker/views/parties/index.ctp, line 21]
2017-02-15 10:39:25 Notice: Notice (8): Undefined variable: filtre in [/var/www/poker/views/elements/navig.ctp, line 15]
2017-02-15 10:40:27 Notice: Notice (8): Undefined variable: filtre in [/var/www/poker/views/elements/navig.ctp, line 15]
2017-02-15 10:40:44 Notice: Notice (8): Undefined variable: filtre in [/var/www/poker/views/elements/navig.ctp, line 15]
2017-02-15 10:41:51 Notice: Notice (8): Undefined index: Resultat in [/var/www/poker/views/parties/index.ctp, line 21]
2017-02-15 10:41:51 Notice: Notice (8): Undefined variable: filtre in [/var/www/poker/views/elements/navig.ctp, line 15]
2017-02-15 10:43:02 Notice: Notice (8): Undefined variable: filtre in [/var/www/poker/views/elements/navig.ctp, line 15]
2017-02-15 10:43:02 Notice: Notice (8): Undefined variable: filtre in [/var/www/poker/views/elements/navig.ctp, line 15]
2017-02-15 10:43:27 Notice: Notice (8): Undefined variable: filtre in [/var/www/poker/views/elements/navig.ctp, line 15]
2017-02-15 10:44:33 Notice: Notice (8): Undefined variable: filtre in [/var/www/poker/views/elements/navig.ctp, line 15]
2017-02-15 10:47:00 Notice: Notice (8): Undefined variable: filtre in [/var/www/poker/views/elements/navig.ctp, line 15]
2017-02-15 10:47:04 Notice: Notice (8): Undefined variable: name in [/usr/share/php/cake/libs/controller/components/session.php, line 174]
2017-02-15 10:48:20 Notice: Notice (8): Undefined variable: filtre in [/var/www/poker/views/elements/navig.ctp, line 15]
2017-02-15 10:48:56 Notice: Notice (8): Undefined variable: filtre in [/var/www/poker/views/elements/navig.ctp, line 15]
2017-02-15 10:49:41 Notice: Notice (8): Undefined variable: filtre in [/var/www/poker/views/elements/navig.ctp, line 15]
2017-02-15 10:50:24 Notice: Notice (8): Undefined variable: filtre in [/var/www/poker/views/elements/navig.ctp, line 15]
2017-02-15 10:50:48 Notice: Notice (8): Undefined variable: name in [/usr/share/php/cake/libs/view/helpers/session.php, line 103]
2017-02-15 10:50:48 Notice: Notice (8): Undefined variable: filtre in [/var/www/poker/views/elements/navig.ctp, line 15]
2017-02-15 10:50:58 Notice: Notice (8): Undefined variable: filtre in [/var/www/poker/views/elements/navig.ctp, line 15]
2017-02-15 10:51:50 Notice: Notice (8): Undefined variable: filtre in [/var/www/poker/views/elements/navig.ctp, line 15]
2017-02-15 10:54:09 Notice: Notice (8): Undefined variable: filtre in [/var/www/poker/views/elements/navig.ctp, line 15]
2017-02-15 10:54:13 Notice: Notice (8): Undefined variable: filtre in [/var/www/poker/views/elements/navig.ctp, line 15]
2017-02-15 10:54:18 Notice: Notice (8): Undefined variable: filtre in [/var/www/poker/views/elements/navig.ctp, line 15]
2017-02-15 10:54:19 Notice: Notice (8): Undefined variable: filtre in [/var/www/poker/views/elements/navig.ctp, line 15]
2017-02-15 10:54:19 Notice: Notice (8): Undefined variable: filtre in [/var/www/poker/views/elements/navig.ctp, line 15]
2017-02-15 10:55:15 Notice: Notice (8): Undefined variable: filtre in [/var/www/poker/views/elements/navig.ctp, line 15]
2017-02-15 10:55:41 Notice: Notice (8): Undefined variable: filtre in [/var/www/poker/views/elements/navig.ctp, line 15]
2017-02-15 10:55:41 Notice: Notice (8): Undefined variable: filtre in [/var/www/poker/views/elements/navig.ctp, line 15]
2017-02-15 10:56:34 Notice: Notice (8): Undefined variable: filtre in [/var/www/poker/views/elements/navig.ctp, line 15]
2017-02-15 11:00:18 Notice: Notice (8): Undefined variable: filtre in [/var/www/poker/views/elements/navig.ctp, line 15]
2017-02-15 11:00:18 Notice: Notice (8): Undefined variable: filtre in [/var/www/poker/views/elements/navig.ctp, line 15]
2017-02-15 11:01:18 Notice: Notice (8): Undefined variable: filtre in [/var/www/poker/views/elements/navig.ctp, line 15]
2017-02-15 11:01:41 Notice: Notice (8): Undefined variable: filtre in [/var/www/poker/views/elements/navig.ctp, line 15]
2017-02-15 11:36:55 Notice: Notice (8): Undefined variable: filtre in [/var/www/poker/views/elements/navig.ctp, line 15]
2017-02-15 11:37:31 Notice: Notice (8): Undefined variable: filtre in [/var/www/poker/views/elements/navig.ctp, line 15]
2017-02-15 11:37:37 Notice: Notice (8): Undefined variable: filtre in [/var/www/poker/views/elements/navig.ctp, line 15]
2017-02-15 11:40:00 Notice: Notice (8): Undefined variable: filtre in [/var/www/poker/views/elements/navig.ctp, line 15]
2017-02-15 11:40:12 Notice: Notice (8): Undefined variable: filtre in [/var/www/poker/views/elements/navig.ctp, line 15]
2017-02-15 11:40:13 Notice: Notice (8): Undefined variable: filtre in [/var/www/poker/views/elements/navig.ctp, line 15]
2017-02-15 11:40:45 Notice: Notice (8): Undefined variable: filtre in [/var/www/poker/views/elements/navig.ctp, line 15]
2017-02-15 11:42:31 Notice: Notice (8): Undefined offset: 3 in [/var/www/poker/views/parties/view.ctp, line 14]
2017-02-15 11:42:31 Notice: Notice (8): Undefined offset: 2 in [/var/www/poker/views/parties/view.ctp, line 14]
2017-02-15 11:42:31 Notice: Notice (8): Undefined offset: 4 in [/var/www/poker/views/parties/view.ctp, line 14]
2017-02-15 11:42:31 Notice: Notice (8): Undefined offset: 9 in [/var/www/poker/views/parties/view.ctp, line 14]
2017-02-15 11:42:31 Notice: Notice (8): Undefined offset: 42 in [/var/www/poker/views/parties/view.ctp, line 14]
2017-02-15 11:42:31 Notice: Notice (8): Undefined offset: 6 in [/var/www/poker/views/parties/view.ctp, line 14]
2017-02-15 11:42:31 Notice: Notice (8): Undefined variable: filtre in [/var/www/poker/views/elements/navig.ctp, line 15]
2017-02-15 11:45:30 Notice: Notice (8): Undefined variable: filtre in [/var/www/poker/views/elements/navig.ctp, line 15]
2017-02-15 11:45:37 Notice: Notice (8): Undefined variable: filtre in [/var/www/poker/views/elements/navig.ctp, line 15]
2017-02-15 11:45:50 Notice: Notice (8): Undefined variable: filtre in [/var/www/poker/views/elements/navig.ctp, line 15]
2017-02-15 11:45:54 Notice: Notice (8): Undefined variable: filtre in [/var/www/poker/views/elements/navig.ctp, line 15]
2017-02-15 11:46:01 Notice: Notice (8): Undefined variable: filtre in [/var/www/poker/views/elements/navig.ctp, line 15]
2017-02-15 11:46:05 Notice: Notice (8): Undefined variable: filtre in [/var/www/poker/views/elements/navig.ctp, line 15]
2017-02-15 12:00:20 Notice: Notice (8): Undefined variable: filtre in [/var/www/poker/views/elements/navig.ctp, line 15]
2017-02-15 12:00:27 Notice: Notice (8): Undefined variable: filtre in [/var/www/poker/views/elements/navig.ctp, line 15]
2017-02-15 12:01:38 Notice: Notice (8): Undefined variable: filtre in [/var/www/poker/views/elements/navig.ctp, line 15]
2017-02-15 12:01:45 Notice: Notice (8): Undefined variable: filtre in [/var/www/poker/views/elements/navig.ctp, line 15]
2017-02-15 12:01:48 Notice: Notice (8): Undefined variable: filtre in [/var/www/poker/views/elements/navig.ctp, line 15]
2017-02-15 12:01:53 Notice: Notice (8): Undefined variable: filtre in [/var/www/poker/views/elements/navig.ctp, line 15]
2017-02-15 12:05:26 Notice: Notice (8): Undefined variable: xml in [/var/www/poker/views/layouts/xml/default.ctp, line 1]
2017-02-15 12:06:50 Notice: Notice (8): Undefined variable: filtre in [/var/www/poker/views/elements/navig.ctp, line 15]
2017-02-15 12:06:53 Notice: Notice (8): Undefined variable: filtre in [/var/www/poker/views/elements/navig.ctp, line 15]
2017-02-15 12:15:13 Notice: Notice (8): Undefined variable: filtre in [/var/www/poker/views/elements/navig.ctp, line 15]
2017-02-15 12:15:17 Notice: Notice (8): Undefined variable: filtre in [/var/www/poker/views/elements/navig.ctp, line 15]
2017-02-15 12:18:34 Notice: Notice (8): Undefined variable: filtre in [/var/www/poker/views/elements/navig.ctp, line 15]
2017-02-15 12:18:42 Notice: Notice (8): Undefined variable: filtre in [/var/www/poker/views/elements/navig.ctp, line 15]
2017-02-15 12:21:25 Notice: Notice (8): Undefined variable: filtre in [/var/www/poker/views/elements/navig.ctp, line 15]
2017-02-15 12:21:26 Notice: Notice (8): Undefined variable: filtre in [/var/www/poker/views/elements/navig.ctp, line 15]
2017-02-15 12:37:50 Notice: Notice (8): Undefined offset: 2 in [/usr/share/php/cake/libs/view/helpers/form.php, line 496]
2017-02-15 12:40:29 Notice: Notice (8): Undefined offset: 2 in [/usr/share/php/cake/libs/view/helpers/form.php, line 496]
2017-02-15 12:40:42 Notice: Notice (8): Undefined offset: 2 in [/usr/share/php/cake/libs/view/helpers/form.php, line 496]
2017-02-15 12:40:55 Notice: Notice (8): Undefined offset: 2 in [/usr/share/php/cake/libs/view/helpers/form.php, line 496]
2017-02-15 12:40:56 Notice: Notice (8): Undefined offset: 2 in [/usr/share/php/cake/libs/view/helpers/form.php, line 496]
2017-02-15 12:41:39 Notice: Notice (8): Undefined offset: 2 in [/usr/share/php/cake/libs/view/helpers/form.php, line 496]
2017-02-15 12:42:36 Notice: Notice (8): Undefined index: User in [/var/www/poker/controllers/users_controller.php, line 15]
2017-02-15 12:42:43 Notice: Notice (8): Undefined index: User in [/var/www/poker/controllers/users_controller.php, line 15]
2017-02-15 12:43:53 Notice: Notice (8): Undefined index: User in [/var/www/poker/controllers/users_controller.php, line 15]
2017-02-15 12:44:30 Notice: Notice (8): Undefined index: User in [/var/www/poker/controllers/users_controller.php, line 15]
2017-02-15 12:45:05 Notice: Notice (8): Undefined index: User in [/var/www/poker/controllers/users_controller.php, line 15]
2017-02-15 12:45:54 Notice: Notice (8): Undefined index: User in [/var/www/poker/controllers/users_controller.php, line 15]
2017-02-15 12:46:10 Notice: Notice (8): Undefined index: User in [/var/www/poker/controllers/users_controller.php, line 15]
2017-02-15 12:46:13 Notice: Notice (8): Undefined index: User in [/var/www/poker/controllers/users_controller.php, line 15]
2017-02-15 12:46:46 Notice: Notice (8): Undefined index: User in [/var/www/poker/controllers/users_controller.php, line 15]
2017-02-15 12:48:13 Notice: Notice (8): Undefined index: User in [/var/www/poker/controllers/users_controller.php, line 15]
2017-02-15 12:55:52 Notice: Notice (8): Undefined variable: fieldName in [/usr/share/php/cake/libs/view/helpers/form.php, line 717]
2017-02-15 12:55:52 Notice: Notice (8): Undefined variable: fieldName in [/usr/share/php/cake/libs/view/helpers/form.php, line 837]
2017-02-15 12:55:52 Notice: Notice (8): Undefined variable: fieldName in [/usr/share/php/cake/libs/view/helpers/form.php, line 892]
2017-02-15 12:55:52 Notice: Notice (8): Undefined variable: fieldName in [/usr/share/php/cake/libs/view/helpers/form.php, line 910]
2017-02-15 12:55:52 Notice: Notice (8): Undefined variable: fieldName in [/usr/share/php/cake/libs/view/helpers/form.php, line 1167]
2017-02-15 12:56:44 Notice: Notice (8): Undefined variable: filtre in [/var/www/poker/views/elements/navig.ctp, line 15]
2017-02-15 13:02:05 Notice: Notice (8): Undefined variable: filtre in [/var/www/poker/views/elements/navig.ctp, line 15]
2017-02-15 13:03:52 Notice: Notice (8): Undefined variable: filtre in [/var/www/poker/views/elements/navig.ctp, line 15]
2017-02-15 13:04:03 Notice: Notice (8): Undefined variable: filtre in [/var/www/poker/views/elements/navig.ctp, line 15]
2017-02-15 13:06:15 Notice: Notice (8): Undefined variable: filtre in [/var/www/poker/views/elements/navig.ctp, line 15]
2017-02-15 13:06:23 Notice: Notice (8): Undefined variable: filtre in [/var/www/poker/views/elements/navig.ctp, line 15]
2017-02-15 13:06:31 Notice: Notice (8): Undefined variable: filtre in [/var/www/poker/views/elements/navig.ctp, line 15]
2017-02-15 13:08:44 Notice: Notice (8): Undefined variable: filtre in [/var/www/poker/views/elements/navig.ctp, line 15]
2017-02-15 13:09:05 Notice: Notice (8): Undefined variable: filtre in [/var/www/poker/views/elements/navig.ctp, line 15]
2017-02-15 13:09:16 Notice: Notice (8): Undefined variable: filtre in [/var/www/poker/views/elements/navig.ctp, line 15]
2017-02-15 13:13:50 Notice: Notice (8): Undefined variable: filtre in [/var/www/poker/views/elements/navig.ctp, line 15]
2017-02-15 13:13:58 Notice: Notice (8): Undefined variable: filtre in [/var/www/poker/views/elements/navig.ctp, line 15]
2017-02-15 13:14:12 Notice: Notice (8): Undefined variable: filtre in [/var/www/poker/views/elements/navig.ctp, line 15]
2017-02-15 13:19:35 Notice: Notice (8): Undefined variable: filtre in [/var/www/poker/views/elements/navig.ctp, line 15]
2017-02-15 13:19:39 Notice: Notice (8): Undefined variable: filtre in [/var/www/poker/views/elements/navig.ctp, line 15]
2017-02-15 13:21:30 Notice: Notice (8): Undefined variable: filtre in [/var/www/poker/views/elements/navig.ctp, line 15]
2017-02-15 13:21:38 Notice: Notice (8): Undefined variable: filtre in [/var/www/poker/views/elements/navig.ctp, line 15]
2017-02-15 13:21:58 Notice: Notice (8): Undefined variable: filtre in [/var/www/poker/views/elements/navig.ctp, line 15]
2017-02-15 13:22:11 Notice: Notice (8): Undefined variable: filtre in [/var/www/poker/views/elements/navig.ctp, line 15]
2017-02-15 13:22:14 Notice: Notice (8): Undefined variable: filtre in [/var/www/poker/views/elements/navig.ctp, line 15]
2017-02-15 13:22:41 Notice: Notice (8): Undefined variable: filtre in [/var/www/poker/views/elements/navig.ctp, line 15]
2017-02-15 13:23:15 Notice: Notice (8): Undefined variable: filtre in [/var/www/poker/views/elements/navig.ctp, line 15]
2017-02-15 13:23:35 Notice: Notice (8): Undefined variable: filtre in [/var/www/poker/views/elements/navig.ctp, line 15]
2017-02-15 13:25:27 Notice: Notice (8): Undefined variable: filtre in [/var/www/poker/views/elements/navig.ctp, line 15]
2017-02-15 13:25:32 Notice: Notice (8): Undefined variable: filtre in [/var/www/poker/views/elements/navig.ctp, line 15]
2017-02-15 13:26:31 Notice: Notice (8): Undefined variable: filtre in [/var/www/poker/views/elements/navig.ctp, line 15]
2017-02-15 13:30:18 Notice: Notice (8): Undefined variable: filtre in [/var/www/poker/views/elements/navig.ctp, line 15]
2017-02-15 13:30:55 Notice: Notice (8): Undefined variable: filtre in [/var/www/poker/views/elements/navig.ctp, line 15]
2017-02-15 13:31:51 Notice: Notice (8): Undefined variable: filtre in [/var/www/poker/views/elements/navig.ctp, line 15]
2017-02-15 13:31:56 Notice: Notice (8): Undefined variable: filtre in [/var/www/poker/views/elements/navig.ctp, line 15]
2017-02-15 13:31:59 Notice: Notice (8): Undefined variable: filtre in [/var/www/poker/views/elements/navig.ctp, line 15]
2017-02-15 13:32:10 Notice: Notice (8): Undefined variable: filtre in [/var/www/poker/views/elements/navig.ctp, line 15]
2017-02-15 13:32:45 Notice: Notice (8): Undefined variable: filtre in [/var/www/poker/views/elements/navig.ctp, line 15]
2017-02-15 13:35:20 Notice: Notice (8): Undefined variable: filtre in [/var/www/poker/views/elements/navig.ctp, line 15]
2017-02-15 13:35:31 Notice: Notice (8): Undefined variable: filtre in [/var/www/poker/views/elements/navig.ctp, line 15]
2017-02-15 13:35:37 Notice: Notice (8): Undefined variable: filtre in [/var/www/poker/views/elements/navig.ctp, line 15]
2017-02-15 13:35:38 Notice: Notice (8): Undefined variable: filtre in [/var/www/poker/views/elements/navig.ctp, line 15]
2017-02-15 13:35:41 Notice: Notice (8): Undefined variable: filtre in [/var/www/poker/views/elements/navig.ctp, line 15]
2017-02-15 13:35:56 Notice: Notice (8): Undefined variable: filtre in [/var/www/poker/views/elements/navig.ctp, line 15]
2017-02-15 13:35:58 Notice: Notice (8): Undefined variable: filtre in [/var/www/poker/views/elements/navig.ctp, line 15]
2017-02-15 13:36:11 Notice: Notice (8): Undefined variable: filtre in [/var/www/poker/views/elements/navig.ctp, line 15]
2017-02-15 13:36:13 Notice: Notice (8): Undefined variable: filtre in [/var/www/poker/views/elements/navig.ctp, line 15]
2017-02-15 13:36:25 Notice: Notice (8): Undefined variable: filtre in [/var/www/poker/views/elements/navig.ctp, line 15]
2017-02-15 13:36:28 Notice: Notice (8): Undefined variable: filtre in [/var/www/poker/views/elements/navig.ctp, line 15]
2017-02-15 13:37:09 Notice: Notice (8): Undefined variable: filtre in [/var/www/poker/views/elements/navig.ctp, line 15]
2017-02-15 13:37:26 Notice: Notice (8): Undefined variable: filtre in [/var/www/poker/views/elements/navig.ctp, line 15]
2017-02-15 13:38:50 Notice: Notice (8): Undefined variable: filtre in [/var/www/poker/views/elements/navig.ctp, line 15]
2017-02-15 13:38:59 Notice: Notice (8): Undefined variable: filtre in [/var/www/poker/views/elements/navig.ctp, line 15]
2017-02-15 13:39:02 Notice: Notice (8): Undefined variable: filtre in [/var/www/poker/views/elements/navig.ctp, line 15]
2017-02-15 13:39:11 Notice: Notice (8): Undefined variable: filtre in [/var/www/poker/views/elements/navig.ctp, line 15]
2017-02-15 13:39:18 Notice: Notice (8): Undefined variable: filtre in [/var/www/poker/views/elements/navig.ctp, line 15]
2017-02-15 13:39:20 Notice: Notice (8): Undefined variable: filtre in [/var/www/poker/views/elements/navig.ctp, line 15]
2017-02-15 13:39:27 Notice: Notice (8): Undefined variable: filtre in [/var/www/poker/views/elements/navig.ctp, line 15]
2017-02-15 13:39:31 Notice: Notice (8): Undefined variable: filtre in [/var/www/poker/views/elements/navig.ctp, line 15]
2017-02-15 13:41:04 Notice: Notice (8): Undefined variable: filtre in [/var/www/poker/views/elements/navig.ctp, line 15]
2017-02-15 13:41:07 Notice: Notice (8): Undefined variable: filtre in [/var/www/poker/views/elements/navig.ctp, line 15]
2017-02-15 13:42:24 Notice: Notice (8): Undefined variable: filtre in [/var/www/poker/views/elements/navig.ctp, line 15]
2017-02-15 13:46:44 Notice: Notice (8): Undefined offset: 2 in [/usr/share/php/cake/libs/view/helpers/form.php, line 496]
2017-02-15 13:46:44 Notice: Notice (8): Undefined variable: filtre in [/var/www/poker/views/elements/navig.ctp, line 15]
2017-02-15 13:47:30 Notice: Notice (8): Undefined offset: 2 in [/usr/share/php/cake/libs/view/helpers/form.php, line 496]
2017-02-15 13:47:30 Notice: Notice (8): Undefined variable: filtre in [/var/www/poker/views/elements/navig.ctp, line 15]
2017-02-15 13:47:32 Notice: Notice (8): Undefined offset: 2 in [/usr/share/php/cake/libs/view/helpers/form.php, line 496]
2017-02-15 13:47:32 Notice: Notice (8): Undefined variable: filtre in [/var/www/poker/views/elements/navig.ctp, line 15]
2017-02-15 13:47:49 Notice: Notice (8): Undefined variable: filtre in [/var/www/poker/views/elements/navig.ctp, line 15]
2017-02-15 13:49:33 Notice: Notice (8): Undefined variable: listenoms in [/var/www/poker/views/parties/view.ctp, line 14]
2017-02-15 13:49:33 Notice: Notice (8): Undefined variable: filtre in [/var/www/poker/views/elements/navig.ctp, line 15]
2017-02-15 13:49:41 Notice: Notice (8): Undefined variable: listenoms in [/var/www/poker/views/parties/view.ctp, line 14]
2017-02-15 13:49:41 Notice: Notice (8): Undefined variable: filtre in [/var/www/poker/views/elements/navig.ctp, line 15]
2017-02-15 13:50:11 Notice: Notice (8): Undefined variable: filtre in [/var/www/poker/views/elements/navig.ctp, line 15]
2017-02-15 13:50:18 Notice: Notice (8): Undefined variable: filtre in [/var/www/poker/views/elements/navig.ctp, line 15]
2017-02-15 13:50:25 Notice: Notice (8): Undefined variable: filtre in [/var/www/poker/views/elements/navig.ctp, line 15]
2017-02-15 13:52:00 Notice: Notice (8): Undefined variable: filtre in [/var/www/poker/views/elements/navig.ctp, line 15]
2017-02-15 13:52:33 Notice: Notice (8): Undefined variable: filtre in [/var/www/poker/views/elements/navig.ctp, line 15]
2017-02-15 13:52:47 Notice: Notice (8): Undefined variable: filtre in [/var/www/poker/views/elements/navig.ctp, line 15]
2017-02-15 13:52:51 Notice: Notice (8): Undefined variable: filtre in [/var/www/poker/views/elements/navig.ctp, line 15]
2017-02-15 13:52:52 Notice: Notice (8): Undefined variable: filtre in [/var/www/poker/views/elements/navig.ctp, line 15]
2017-02-15 13:52:53 Notice: Notice (8): Undefined variable: filtre in [/var/www/poker/views/elements/navig.ctp, line 15]
2017-02-15 13:52:53 Notice: Notice (8): Undefined variable: filtre in [/var/www/poker/views/elements/navig.ctp, line 15]
2017-02-15 13:52:53 Notice: Notice (8): Undefined variable: filtre in [/var/www/poker/views/elements/navig.ctp, line 15]
2017-02-15 13:52:53 Notice: Notice (8): Undefined variable: filtre in [/var/www/poker/views/elements/navig.ctp, line 15]
2017-02-15 13:52:54 Notice: Notice (8): Undefined variable: filtre in [/var/www/poker/views/elements/navig.ctp, line 15]
2017-02-15 13:52:54 Notice: Notice (8): Undefined variable: filtre in [/var/www/poker/views/elements/navig.ctp, line 15]
2017-02-15 13:52:54 Notice: Notice (8): Undefined variable: filtre in [/var/www/poker/views/elements/navig.ctp, line 15]
2017-02-15 13:55:21 Notice: Notice (8): Undefined variable: filtre in [/var/www/poker/views/elements/navig.ctp, line 15]
2017-02-15 13:55:22 Notice: Notice (8): Undefined variable: filtre in [/var/www/poker/views/elements/navig.ctp, line 15]
2017-02-15 13:55:52 Notice: Notice (8): Undefined variable: filtre in [/var/www/poker/views/elements/navig.ctp, line 15]
2017-02-15 13:55:55 Notice: Notice (8): Undefined variable: filtre in [/var/www/poker/views/elements/navig.ctp, line 15]
2017-02-15 13:55:57 Notice: Notice (8): Undefined variable: filtre in [/var/www/poker/views/elements/navig.ctp, line 15]
2017-02-15 13:56:44 Notice: Notice (8): Undefined variable: filtre in [/var/www/poker/views/elements/navig.ctp, line 15]
2017-02-15 13:56:53 Notice: Notice (8): Undefined variable: filtre in [/var/www/poker/views/elements/navig.ctp, line 15]
2017-02-15 13:58:16 Notice: Notice (8): Undefined variable: filtre in [/var/www/poker/views/elements/navig.ctp, line 15]
2017-02-15 13:59:24 Notice: Notice (8): Undefined variable: filtre in [/var/www/poker/views/elements/navig.ctp, line 15]
2017-02-15 14:00:23 Notice: Notice (8): Undefined variable: filtre in [/var/www/poker/views/elements/navig.ctp, line 15]
2017-02-15 14:00:27 Notice: Notice (8): Undefined variable: filtre in [/var/www/poker/views/elements/navig.ctp, line 15]
2017-02-15 14:01:44 Notice: Notice (8): Undefined variable: filtre in [/var/www/poker/views/elements/navig.ctp, line 15]
2017-02-15 14:01:55 Notice: Notice (8): Undefined variable: filtre in [/var/www/poker/views/elements/navig.ctp, line 15]
2017-02-15 14:02:12 Notice: Notice (8): Undefined variable: filtre in [/var/www/poker/views/elements/navig.ctp, line 15]
2017-02-15 14:03:46 Notice: Notice (8): Undefined variable: filtre in [/var/www/poker/views/elements/navig.ctp, line 15]
2017-02-15 14:04:20 Notice: Notice (8): Undefined variable: filtre in [/var/www/poker/views/elements/navig.ctp, line 15]
2017-02-15 14:04:46 Notice: Notice (8): Undefined variable: filtre in [/var/www/poker/views/elements/navig.ctp, line 15]
2017-02-15 14:05:25 Notice: Notice (8): Undefined offset: 0 in [/var/www/poker/controllers/parties_controller.php, line 38]
2017-02-15 14:05:25 Notice: Notice (8): Undefined index: Joueur in [/var/www/poker/views/parties/view.ctp, line 1]
2017-02-15 14:05:26 Notice: Notice (8): Undefined index: Party in [/var/www/poker/views/parties/view.ctp, line 1]
2017-02-15 14:05:26 Notice: Notice (8): Undefined index: Resultat in [/var/www/poker/views/parties/view.ctp, line 10]
2017-02-15 14:05:26 Notice: Notice (8): Undefined variable: filtre in [/var/www/poker/views/elements/navig.ctp, line 15]
2017-02-15 14:06:19 Notice: Notice (8): Undefined index: Joueur in [/var/www/poker/views/parties/view.ctp, line 1]
2017-02-15 14:06:19 Notice: Notice (8): Undefined index: Party in [/var/www/poker/views/parties/view.ctp, line 1]
2017-02-15 14:06:19 Notice: Notice (8): Undefined index: Resultat in [/var/www/poker/views/parties/view.ctp, line 10]
2017-02-15 14:06:19 Notice: Notice (8): Undefined variable: filtre in [/var/www/poker/views/elements/navig.ctp, line 15]
2017-02-15 14:06:21 Notice: Notice (8): Undefined index: Joueur in [/var/www/poker/views/parties/view.ctp, line 1]
2017-02-15 14:06:21 Notice: Notice (8): Undefined index: Party in [/var/www/poker/views/parties/view.ctp, line 1]
2017-02-15 14:06:21 Notice: Notice (8): Undefined index: Resultat in [/var/www/poker/views/parties/view.ctp, line 10]
2017-02-15 14:06:21 Notice: Notice (8): Undefined variable: filtre in [/var/www/poker/views/elements/navig.ctp, line 15]
2017-02-15 14:06:24 Notice: Notice (8): Undefined index: Joueur in [/var/www/poker/views/parties/view.ctp, line 1]
2017-02-15 14:06:24 Notice: Notice (8): Undefined index: Party in [/var/www/poker/views/parties/view.ctp, line 1]
2017-02-15 14:06:24 Notice: Notice (8): Undefined index: Resultat in [/var/www/poker/views/parties/view.ctp, line 10]
2017-02-15 14:06:24 Notice: Notice (8): Undefined variable: filtre in [/var/www/poker/views/elements/navig.ctp, line 15]
2017-02-15 14:06:31 Notice: Notice (8): Undefined index: Joueur in [/var/www/poker/views/parties/view.ctp, line 1]
2017-02-15 14:06:31 Notice: Notice (8): Undefined index: Party in [/var/www/poker/views/parties/view.ctp, line 1]
2017-02-15 14:06:31 Notice: Notice (8): Undefined index: Resultat in [/var/www/poker/views/parties/view.ctp, line 10]
2017-02-15 14:06:31 Notice: Notice (8): Undefined variable: filtre in [/var/www/poker/views/elements/navig.ctp, line 15]
2017-02-15 14:06:42 Notice: Notice (8): Undefined variable: filtre in [/var/www/poker/views/elements/navig.ctp, line 15]
2017-02-15 14:06:44 Notice: Notice (8): Undefined index: Joueur in [/var/www/poker/views/parties/view.ctp, line 1]
2017-02-15 14:06:44 Notice: Notice (8): Undefined index: Party in [/var/www/poker/views/parties/view.ctp, line 1]
2017-02-15 14:06:44 Notice: Notice (8): Undefined index: Resultat in [/var/www/poker/views/parties/view.ctp, line 10]
2017-02-15 14:06:44 Notice: Notice (8): Undefined variable: filtre in [/var/www/poker/views/elements/navig.ctp, line 15]
2017-02-15 14:08:24 Notice: Notice (8): Undefined index: Joueur in [/var/www/poker/views/parties/view.ctp, line 1]
2017-02-15 14:08:24 Notice: Notice (8): Undefined index: Party in [/var/www/poker/views/parties/view.ctp, line 1]
2017-02-15 14:08:24 Notice: Notice (8): Undefined index: Resultat in [/var/www/poker/views/parties/view.ctp, line 10]
2017-02-15 14:08:24 Notice: Notice (8): Undefined variable: filtre in [/var/www/poker/views/elements/navig.ctp, line 15]
2017-02-15 14:08:49 Notice: Notice (8): Undefined variable: filtre in [/var/www/poker/views/elements/navig.ctp, line 15]
2017-02-15 14:08:53 Notice: Notice (8): Undefined variable: filtre in [/var/www/poker/views/elements/navig.ctp, line 15]
2017-02-15 14:09:48 Notice: Notice (8): Undefined variable: filtre in [/var/www/poker/views/elements/navig.ctp, line 15]
2017-02-15 14:09:52 Notice: Notice (8): Undefined variable: filtre in [/var/www/poker/views/elements/navig.ctp, line 15]
2017-02-15 14:09:54 Notice: Notice (8): Undefined variable: filtre in [/var/www/poker/views/elements/navig.ctp, line 15]
2017-02-15 14:10:02 Notice: Notice (8): Undefined variable: filtre in [/var/www/poker/views/elements/navig.ctp, line 15]
2017-02-15 14:10:41 Notice: Notice (8): Undefined variable: filtre in [/var/www/poker/views/elements/navig.ctp, line 15]
2017-02-15 14:11:01 Notice: Notice (8): Undefined variable: filtre in [/var/www/poker/views/elements/navig.ctp, line 15]
2017-02-15 14:11:08 Notice: Notice (8): Undefined variable: filtre in [/var/www/poker/views/elements/navig.ctp, line 15]
2017-02-15 14:11:37 Notice: Notice (8): Undefined variable: filtre in [/var/www/poker/views/elements/navig.ctp, line 15]
2017-02-15 14:11:48 Notice: Notice (8): Undefined variable: filtre in [/var/www/poker/views/elements/navig.ctp, line 15]
2017-02-15 14:11:50 Notice: Notice (8): Undefined variable: filtre in [/var/www/poker/views/elements/navig.ctp, line 15]
2017-02-15 14:11:55 Notice: Notice (8): Undefined variable: filtre in [/var/www/poker/views/elements/navig.ctp, line 15]
2017-02-15 14:12:08 Notice: Notice (8): Undefined variable: filtre in [/var/www/poker/views/elements/navig.ctp, line 15]
2017-02-15 14:12:18 Notice: Notice (8): Undefined variable: filtre in [/var/www/poker/views/elements/navig.ctp, line 15]
2017-02-15 14:14:31 Notice: Notice (8): Undefined variable: filtre in [/var/www/poker/views/elements/navig.ctp, line 15]
2017-02-15 14:19:50 Notice: Notice (8): Undefined variable: filtre in [/var/www/poker/views/elements/navig.ctp, line 15]
2017-02-15 14:21:14 Notice: Notice (8): Undefined variable: filtre in [/var/www/poker/views/elements/navig.ctp, line 15]
2017-02-15 14:21:16 Notice: Notice (8): Undefined variable: filtre in [/var/www/poker/views/elements/navig.ctp, line 15]
2017-02-15 14:21:52 Notice: Notice (8): Undefined variable: filtre in [/var/www/poker/views/elements/navig.ctp, line 15]
2017-02-15 14:23:03 Notice: Notice (8): Undefined variable: filtre in [/var/www/poker/views/elements/navig.ctp, line 15]
2017-02-15 14:23:09 Notice: Notice (8): Undefined variable: filtre in [/var/www/poker/views/elements/navig.ctp, line 15]
2017-02-15 14:23:30 Notice: Notice (8): Undefined variable: filtre in [/var/www/poker/views/elements/navig.ctp, line 15]
2017-02-15 14:23:31 Notice: Notice (8): Undefined variable: filtre in [/var/www/poker/views/elements/navig.ctp, line 15]
2017-02-15 14:24:14 Notice: Notice (8): Undefined variable: filtre in [/var/www/poker/views/elements/navig.ctp, line 15]
2017-02-15 14:25:13 Notice: Notice (8): Undefined variable: filtre in [/var/www/poker/views/elements/navig.ctp, line 15]
2017-02-15 14:25:16 Notice: Notice (8): Undefined variable: filtre in [/var/www/poker/views/elements/navig.ctp, line 15]
2017-02-15 14:25:18 Notice: Notice (8): Undefined variable: filtre in [/var/www/poker/views/elements/navig.ctp, line 15]
2017-02-15 14:27:30 Notice: Notice (8): Undefined variable: data in [/var/www/poker/controllers/resultats_controller.php, line 30]
2017-02-15 14:27:30 Notice: Notice (8): Undefined variable: data in [/var/www/poker/controllers/resultats_controller.php, line 30]
2017-02-15 14:28:52 Notice: Notice (8): Undefined variable: filtre in [/var/www/poker/views/elements/navig.ctp, line 15]
2017-02-15 14:29:26 Notice: Notice (8): Undefined variable: data in [/var/www/poker/controllers/resultats_controller.php, line 30]
2017-02-15 14:29:29 Notice: Notice (8): Undefined variable: filtre in [/var/www/poker/views/elements/navig.ctp, line 15]
2017-02-15 14:29:31 Notice: Notice (8): Undefined variable: data in [/var/www/poker/controllers/resultats_controller.php, line 30]
2017-02-15 14:29:54 Notice: Notice (8): Undefined variable: data in [/var/www/poker/controllers/resultats_controller.php, line 30]
2017-02-15 14:29:55 Notice: Notice (8): Undefined variable: data in [/var/www/poker/controllers/resultats_controller.php, line 30]
2017-02-15 14:29:55 Notice: Notice (8): Undefined variable: data in [/var/www/poker/controllers/resultats_controller.php, line 30]
2017-02-15 14:29:55 Notice: Notice (8): Undefined variable: data in [/var/www/poker/controllers/resultats_controller.php, line 30]
2017-02-15 14:29:55 Notice: Notice (8): Undefined variable: data in [/var/www/poker/controllers/resultats_controller.php, line 30]
2017-02-15 14:29:55 Notice: Notice (8): Undefined variable: data in [/var/www/poker/controllers/resultats_controller.php, line 30]
2017-02-15 14:29:55 Notice: Notice (8): Undefined variable: data in [/var/www/poker/controllers/resultats_controller.php, line 30]
2017-02-15 14:29:55 Notice: Notice (8): Undefined variable: data in [/var/www/poker/controllers/resultats_controller.php, line 30]
2017-02-15 14:29:55 Notice: Notice (8): Undefined variable: data in [/var/www/poker/controllers/resultats_controller.php, line 30]
2017-02-15 14:29:55 Notice: Notice (8): Undefined variable: data in [/var/www/poker/controllers/resultats_controller.php, line 30]
2017-02-15 14:29:55 Notice: Notice (8): Undefined variable: data in [/var/www/poker/controllers/resultats_controller.php, line 30]
2017-02-15 14:29:55 Notice: Notice (8): Undefined variable: data in [/var/www/poker/controllers/resultats_controller.php, line 30]
2017-02-15 14:29:55 Notice: Notice (8): Undefined variable: data in [/var/www/poker/controllers/resultats_controller.php, line 30]
2017-02-15 14:29:55 Notice: Notice (8): Undefined variable: data in [/var/www/poker/controllers/resultats_controller.php, line 30]
2017-02-15 14:29:55 Notice: Notice (8): Undefined variable: data in [/var/www/poker/controllers/resultats_controller.php, line 30]
2017-02-15 14:29:55 Notice: Notice (8): Undefined variable: data in [/var/www/poker/controllers/resultats_controller.php, line 30]
2017-02-15 14:29:55 Notice: Notice (8): Undefined variable: data in [/var/www/poker/controllers/resultats_controller.php, line 30]
2017-02-15 14:29:55 Notice: Notice (8): Undefined variable: data in [/var/www/poker/controllers/resultats_controller.php, line 30]
2017-02-15 14:29:55 Notice: Notice (8): Undefined variable: data in [/var/www/poker/controllers/resultats_controller.php, line 30]
2017-02-15 14:29:55 Notice: Notice (8): Undefined variable: data in [/var/www/poker/controllers/resultats_controller.php, line 30]
2017-02-15 14:29:55 Notice: Notice (8): Undefined variable: data in [/var/www/poker/controllers/resultats_controller.php, line 30]
2017-02-15 14:30:03 Notice: Notice (8): Undefined variable: filtre in [/var/www/poker/views/elements/navig.ctp, line 15]
2017-02-15 14:30:32 Notice: Notice (8): Undefined variable: filtre in [/var/www/poker/views/elements/navig.ctp, line 15]
2017-02-15 14:30:34 Notice: Notice (8): Undefined variable: filtre in [/var/www/poker/views/elements/navig.ctp, line 15]
2017-02-15 14:30:38 Notice: Notice (8): Undefined variable: data in [/var/www/poker/controllers/resultats_controller.php, line 30]
2017-02-15 14:30:39 Notice: Notice (8): Undefined variable: filtre in [/var/www/poker/views/elements/navig.ctp, line 15]
2017-02-15 14:34:57 Notice: Notice (8): Undefined variable: filtre in [/var/www/poker/views/elements/navig.ctp, line 15]
2017-02-15 14:35:02 Notice: Notice (8): Undefined variable: data in [/var/www/poker/controllers/resultats_controller.php, line 30]
2017-02-15 14:35:57 Notice: Notice (8): Undefined variable: filtre in [/var/www/poker/views/elements/navig.ctp, line 15]
2017-02-15 14:39:41 Notice: Notice (8): Undefined variable: filtre in [/var/www/poker/views/elements/navig.ctp, line 15]
2017-02-15 14:40:00 Notice: Notice (8): Undefined variable: filtre in [/var/www/poker/views/elements/navig.ctp, line 15]
2017-02-15 14:40:14 Notice: Notice (8): Undefined variable: filtre in [/var/www/poker/views/elements/navig.ctp, line 15]
2017-02-15 14:40:27 Notice: Notice (8): Undefined variable: filtre in [/var/www/poker/views/elements/navig.ctp, line 15]
2017-02-15 14:45:31 Notice: Notice (8): Undefined variable: filtre in [/var/www/poker/views/elements/navig.ctp, line 15]
2017-02-15 14:46:05 Notice: Notice (8): Undefined variable: filtre in [/var/www/poker/views/elements/navig.ctp, line 15]
2017-02-15 14:51:40 Notice: Notice (8): Undefined variable: filtre in [/var/www/poker/views/elements/navig.ctp, line 15]
2017-02-15 14:58:24 Notice: Notice (8): Undefined variable: filtre in [/var/www/poker/views/elements/navig.ctp, line 15]
2017-02-15 14:59:57 Notice: Notice (8): Undefined variable: filtre in [/var/www/poker/views/elements/navig.ctp, line 15]
2017-02-15 15:00:05 Notice: Notice (8): Undefined variable: filtre in [/var/www/poker/views/elements/navig.ctp, line 15]
2017-02-15 15:00:39 Notice: Notice (8): Undefined variable: filtre in [/var/www/poker/views/elements/navig.ctp, line 15]
2017-02-15 15:00:41 Notice: Notice (8): Undefined variable: filtre in [/var/www/poker/views/elements/navig.ctp, line 15]
2017-02-15 15:00:54 Notice: Notice (8): Undefined variable: filtre in [/var/www/poker/views/elements/navig.ctp, line 15]
2017-02-15 15:00:58 Notice: Notice (8): Undefined variable: filtre in [/var/www/poker/views/elements/navig.ctp, line 15]
2017-02-15 15:01:15 Notice: Notice (8): Undefined variable: filtre in [/var/www/poker/views/elements/navig.ctp, line 15]
2017-02-15 15:01:34 Notice: Notice (8): Undefined variable: filtre in [/var/www/poker/views/elements/navig.ctp, line 15]
2017-02-15 15:01:36 Notice: Notice (8): Undefined variable: filtre in [/var/www/poker/views/elements/navig.ctp, line 15]
2017-02-15 15:04:33 Notice: Notice (8): Undefined variable: data in [/var/www/poker/controllers/resultats_controller.php, line 32]
2017-02-15 15:04:33 Notice: Notice (8): Undefined variable: filtre in [/var/www/poker/views/elements/navig.ctp, line 15]
2017-02-15 15:06:07 Notice: Notice (8): Undefined variable: data in [/var/www/poker/controllers/resultats_controller.php, line 32]
2017-02-15 15:06:07 Notice: Notice (8): Undefined variable: filtre in [/var/www/poker/views/elements/navig.ctp, line 15]
2017-02-15 15:07:22 Notice: Notice (8): Undefined variable: filtre in [/var/www/poker/views/elements/navig.ctp, line 15]
2017-02-15 15:07:23 Notice: Notice (8): Undefined variable: filtre in [/var/www/poker/views/elements/navig.ctp, line 15]
2017-02-15 15:07:32 Notice: Notice (8): Undefined variable: filtre in [/var/www/poker/views/elements/navig.ctp, line 15]
2017-02-15 15:07:38 Notice: Notice (8): Undefined variable: filtre in [/var/www/poker/views/elements/navig.ctp, line 15]
2017-02-15 15:07:44 Notice: Notice (8): Undefined variable: data in [/var/www/poker/controllers/resultats_controller.php, line 32]
2017-02-15 15:07:44 Notice: Notice (8): Undefined variable: filtre in [/var/www/poker/views/elements/navig.ctp, line 15]
2017-02-15 15:09:37 Notice: Notice (8): Undefined variable: filtre in [/var/www/poker/views/elements/navig.ctp, line 15]
2017-02-15 15:09:41 Notice: Notice (8): Undefined variable: data in [/var/www/poker/controllers/resultats_controller.php, line 33]
2017-02-15 15:09:41 Notice: Notice (8): Undefined variable: filtre in [/var/www/poker/views/elements/navig.ctp, line 15]
2017-02-15 15:10:26 Notice: Notice (8): Undefined variable: filtre in [/var/www/poker/views/elements/navig.ctp, line 15]
2017-02-15 15:10:30 Notice: Notice (8): Undefined variable: filtre in [/var/www/poker/views/elements/navig.ctp, line 15]
2017-02-15 15:11:02 Notice: Notice (8): Undefined variable: filtre in [/var/www/poker/views/elements/navig.ctp, line 15]
2017-02-15 15:11:13 Notice: Notice (8): Undefined variable: filtre in [/var/www/poker/views/elements/navig.ctp, line 15]
2017-02-15 15:11:16 Notice: Notice (8): Undefined variable: filtre in [/var/www/poker/views/elements/navig.ctp, line 15]
2017-02-15 15:12:29 Notice: Notice (8): Undefined variable: filtre in [/var/www/poker/views/elements/navig.ctp, line 15]
2017-02-15 15:12:34 Notice: Notice (8): Undefined variable: filtre in [/var/www/poker/views/elements/navig.ctp, line 15]
2017-02-15 15:12:40 Notice: Notice (8): Undefined variable: filtre in [/var/www/poker/views/elements/navig.ctp, line 15]
2017-02-15 15:12:49 Notice: Notice (8): Undefined variable: filtre in [/var/www/poker/views/elements/navig.ctp, line 15]
2017-02-15 15:13:17 Notice: Notice (8): Undefined variable: filtre in [/var/www/poker/views/elements/navig.ctp, line 15]
2017-02-15 15:13:39 Notice: Notice (8): Undefined variable: filtre in [/var/www/poker/views/elements/navig.ctp, line 15]
2017-02-15 15:14:01 Notice: Notice (8): Undefined variable: filtre in [/var/www/poker/views/elements/navig.ctp, line 15]
2017-02-15 15:14:04 Notice: Notice (8): Undefined variable: data in [/var/www/poker/controllers/resultats_controller.php, line 32]
2017-02-15 15:14:04 Notice: Notice (8): Undefined variable: filtre in [/var/www/poker/views/elements/navig.ctp, line 15]
2017-02-15 15:14:11 Notice: Notice (8): Undefined variable: data in [/var/www/poker/controllers/resultats_controller.php, line 32]
2017-02-15 15:14:11 Notice: Notice (8): Undefined variable: filtre in [/var/www/poker/views/elements/navig.ctp, line 15]
2017-02-15 15:14:38 Notice: Notice (8): Undefined variable: filtre in [/var/www/poker/views/elements/navig.ctp, line 15]
2017-02-15 15:14:42 Notice: Notice (8): Undefined variable: data in [/var/www/poker/controllers/resultats_controller.php, line 32]
2017-02-15 15:14:42 Notice: Notice (8): Undefined variable: filtre in [/var/www/poker/views/elements/navig.ctp, line 15]
2017-02-15 15:14:55 Notice: Notice (8): Undefined variable: filtre in [/var/www/poker/views/elements/navig.ctp, line 15]
2017-02-15 15:15:03 Notice: Notice (8): Undefined variable: data in [/var/www/poker/controllers/resultats_controller.php, line 32]
2017-02-15 15:15:03 Notice: Notice (8): Undefined variable: filtre in [/var/www/poker/views/elements/navig.ctp, line 15]
2017-02-15 15:15:23 Notice: Notice (8): Undefined variable: filtre in [/var/www/poker/views/elements/navig.ctp, line 15]
2017-02-15 15:15:25 Notice: Notice (8): Undefined variable: filtre in [/var/www/poker/views/elements/navig.ctp, line 15]
2017-02-15 15:15:42 Notice: Notice (8): Undefined variable: filtre in [/var/www/poker/views/elements/navig.ctp, line 15]
2017-02-15 15:15:44 Notice: Notice (8): Undefined variable: filtre in [/var/www/poker/views/elements/navig.ctp, line 15]
2017-02-15 15:17:02 Notice: Notice (8): Undefined variable: filtre in [/var/www/poker/views/elements/navig.ctp, line 15]
2017-02-15 15:17:29 Notice: Notice (8): Undefined variable: filtre in [/var/www/poker/views/elements/navig.ctp, line 15]
2017-02-15 15:17:36 Notice: Notice (8): Undefined variable: filtre in [/var/www/poker/views/elements/navig.ctp, line 15]
2017-02-15 15:17:45 Notice: Notice (8): Undefined variable: url in [/usr/share/php/cake/libs/controller/controller.php, line 975]
2017-02-15 15:17:45 Notice: Notice (8): Undefined variable: url in [/usr/share/php/cake/libs/controller/controller.php, line 975]
2017-02-15 15:17:50 Notice: Notice (8): Undefined variable: filtre in [/var/www/poker/views/elements/navig.ctp, line 15]
2017-02-15 15:17:56 Notice: Notice (8): Undefined variable: filtre in [/var/www/poker/views/elements/navig.ctp, line 15]
2017-02-15 15:18:55 Notice: Notice (8): Undefined variable: filtre in [/var/www/poker/views/elements/navig.ctp, line 15]
2017-02-15 15:18:56 Notice: Notice (8): Undefined variable: filtre in [/var/www/poker/views/elements/navig.ctp, line 15]
2017-02-15 15:18:58 Notice: Notice (8): Undefined variable: filtre in [/var/www/poker/views/elements/navig.ctp, line 15]
2017-02-15 15:19:00 Notice: Notice (8): Undefined variable: filtre in [/var/www/poker/views/elements/navig.ctp, line 15]
2017-02-15 15:19:01 Notice: Notice (8): Undefined variable: filtre in [/var/www/poker/views/elements/navig.ctp, line 15]
2017-02-15 15:19:03 Notice: Notice (8): Undefined variable: filtre in [/var/www/poker/views/elements/navig.ctp, line 15]
2017-02-15 15:19:04 Notice: Notice (8): Undefined variable: filtre in [/var/www/poker/views/elements/navig.ctp, line 15]
2017-02-15 15:19:05 Notice: Notice (8): Undefined variable: filtre in [/var/www/poker/views/elements/navig.ctp, line 15]
2017-02-15 15:19:07 Notice: Notice (8): Undefined variable: filtre in [/var/www/poker/views/elements/navig.ctp, line 15]
2017-02-15 15:19:12 Notice: Notice (8): Undefined variable: filtre in [/var/www/poker/views/elements/navig.ctp, line 15]
2017-02-15 15:19:14 Notice: Notice (8): Undefined variable: filtre in [/var/www/poker/views/elements/navig.ctp, line 15]
2017-02-15 15:19:17 Notice: Notice (8): Undefined variable: filtre in [/var/www/poker/views/elements/navig.ctp, line 15]
2017-02-15 15:20:19 Notice: Notice (8): Undefined variable: filtre in [/var/www/poker/views/elements/navig.ctp, line 15]
2017-02-15 15:20:22 Notice: Notice (8): Undefined variable: filtre in [/var/www/poker/views/elements/navig.ctp, line 15]
2017-02-15 15:20:27 Notice: Notice (8): Undefined variable: filtre in [/var/www/poker/views/elements/navig.ctp, line 15]
2017-02-15 15:20:28 Notice: Notice (8): Undefined variable: filtre in [/var/www/poker/views/elements/navig.ctp, line 15]
2017-02-15 15:20:30 Notice: Notice (8): Undefined variable: filtre in [/var/www/poker/views/elements/navig.ctp, line 15]
2017-02-15 15:20:33 Notice: Notice (8): Undefined variable: filtre in [/var/www/poker/views/elements/navig.ctp, line 15]
2017-02-15 15:20:35 Notice: Notice (8): Undefined variable: filtre in [/var/www/poker/views/elements/navig.ctp, line 15]
2017-02-15 15:20:39 Notice: Notice (8): Undefined variable: filtre in [/var/www/poker/views/elements/navig.ctp, line 15]
2017-02-15 15:20:39 Notice: Notice (8): Undefined variable: filtre in [/var/www/poker/views/elements/navig.ctp, line 15]
2017-02-15 15:21:06 Notice: Notice (8): Undefined variable: filtre in [/var/www/poker/views/elements/navig.ctp, line 15]
2017-02-15 15:21:09 Notice: Notice (8): Undefined variable: filtre in [/var/www/poker/views/elements/navig.ctp, line 15]
2017-02-15 15:21:11 Notice: Notice (8): Undefined variable: filtre in [/var/www/poker/views/elements/navig.ctp, line 15]
2017-02-15 15:21:12 Notice: Notice (8): Undefined variable: filtre in [/var/www/poker/views/elements/navig.ctp, line 15]
2017-02-15 15:21:15 Notice: Notice (8): Undefined variable: filtre in [/var/www/poker/views/elements/navig.ctp, line 15]
2017-02-15 15:21:19 Notice: Notice (8): Undefined variable: filtre in [/var/www/poker/views/elements/navig.ctp, line 15]
2017-02-15 15:21:21 Notice: Notice (8): Undefined variable: filtre in [/var/www/poker/views/elements/navig.ctp, line 15]
2017-02-15 15:21:26 Notice: Notice (8): Undefined variable: filtre in [/var/www/poker/views/elements/navig.ctp, line 15]
2017-02-15 15:21:30 Notice: Notice (8): Undefined variable: filtre in [/var/www/poker/views/elements/navig.ctp, line 15]
2017-02-15 15:22:00 Notice: Notice (8): Undefined variable: filtre in [/var/www/poker/views/elements/navig.ctp, line 15]
2017-02-15 15:22:18 Notice: Notice (8): Undefined variable: filtre in [/var/www/poker/views/elements/navig.ctp, line 15]
2017-02-15 15:22:35 Notice: Notice (8): Undefined offset: 0 in [/var/www/poker/controllers/joueurs_controller.php, line 229]
2017-02-15 15:22:35 Notice: Notice (8): Undefined offset: 0 in [/var/www/poker/controllers/joueurs_controller.php, line 229]
2017-02-15 15:22:45 Notice: Notice (8): Undefined index: date in [/var/www/poker/controllers/joueurs_controller.php, line 184]
2017-02-15 15:22:45 Notice: Notice (8): Undefined offset: 0 in [/var/www/poker/controllers/joueurs_controller.php, line 229]
2017-02-15 15:22:45 Notice: Notice (8): Undefined index: date in [/var/www/poker/controllers/joueurs_controller.php, line 184]
2017-02-15 15:22:45 Notice: Notice (8): Undefined offset: 0 in [/var/www/poker/controllers/joueurs_controller.php, line 229]
2017-02-15 15:22:54 Notice: Notice (8): Undefined offset: 0 in [/var/www/poker/controllers/joueurs_controller.php, line 229]
2017-02-15 15:23:01 Notice: Notice (8): Undefined offset: 0 in [/var/www/poker/controllers/joueurs_controller.php, line 229]
2017-02-15 15:23:10 Notice: Notice (8): Undefined offset: 0 in [/var/www/poker/controllers/joueurs_controller.php, line 229]
2017-02-15 15:23:10 Notice: Notice (8): Undefined offset: 0 in [/var/www/poker/controllers/joueurs_controller.php, line 229]
2017-02-15 15:23:30 Notice: Notice (8): Undefined variable: filtre in [/var/www/poker/views/elements/navig.ctp, line 15]
2017-02-15 15:23:53 Notice: Notice (8): Undefined offset: 0 in [/var/www/poker/controllers/joueurs_controller.php, line 229]
