2017-02-13 17:41:33 Warning: Warning (512): <span style="color:Red;text-align:left"><b>SQL Error:</b> 1064: You have an error in your SQL syntax; check the manual that corresponds to your MySQL server version for the right syntax to use near 'findAll' at line 1</span> in [/usr/share/php/cake/libs/model/datasources/dbo_source.php, line 684]
2017-02-13 17:41:33 Warning: Warning (2): Invalid argument supplied for foreach() in [/var/www/poker/controllers/joueurs_controller.php, line 42]
2017-02-13 17:41:35 Warning: Warning (512): <span style="color:Red;text-align:left"><b>SQL Error:</b> 1064: You have an error in your SQL syntax; check the manual that corresponds to your MySQL server version for the right syntax to use near 'findAll' at line 1</span> in [/usr/share/php/cake/libs/model/datasources/dbo_source.php, line 684]
2017-02-13 17:41:35 Warning: Warning (2): Invalid argument supplied for foreach() in [/var/www/poker/controllers/joueurs_controller.php, line 42]
2017-02-13 17:43:26 Warning: Warning (512): <span style="color:Red;text-align:left"><b>SQL Error:</b> 1064: You have an error in your SQL syntax; check the manual that corresponds to your MySQL server version for the right syntax to use near 'findAll' at line 1</span> in [/usr/share/php/cake/libs/model/datasources/dbo_source.php, line 684]
2017-02-13 17:43:26 Warning: Warning (2): Invalid argument supplied for foreach() in [/var/www/poker/controllers/joueurs_controller.php, line 42]
2017-02-13 17:46:20 Warning: Warning (512): <span style="color:Red;text-align:left"><b>SQL Error:</b> 1064: You have an error in your SQL syntax; check the manual that corresponds to your MySQL server version for the right syntax to use near 'findAll' at line 1</span> in [/usr/share/php/cake/libs/model/datasources/dbo_source.php, line 684]
2017-02-13 17:46:20 Warning: Warning (2): Invalid argument supplied for foreach() in [/var/www/poker/controllers/joueurs_controller.php, line 42]
2017-02-13 17:52:34 Warning: Warning (512): <span style="color:Red;text-align:left"><b>SQL Error:</b> 1064: You have an error in your SQL syntax; check the manual that corresponds to your MySQL server version for the right syntax to use near 'findCount' at line 1</span> in [/usr/share/php/cake/libs/model/datasources/dbo_source.php, line 684]
2017-02-13 17:52:34 Warning: Warning (512): <span style="color:Red;text-align:left"><b>SQL Error:</b> 1064: You have an error in your SQL syntax; check the manual that corresponds to your MySQL server version for the right syntax to use near 'findAll' at line 1</span> in [/usr/share/php/cake/libs/model/datasources/dbo_source.php, line 684]
2017-02-13 17:52:34 Warning: Warning (2): Invalid argument supplied for foreach() in [/var/www/poker/controllers/joueurs_controller.php, line 94]
2017-02-13 17:53:48 Warning: Warning (512): <span style="color:Red;text-align:left"><b>SQL Error:</b> 1064: You have an error in your SQL syntax; check the manual that corresponds to your MySQL server version for the right syntax to use near 'findAll' at line 1</span> in [/usr/share/php/cake/libs/model/datasources/dbo_source.php, line 684]
2017-02-13 17:53:48 Warning: Warning (2): Invalid argument supplied for foreach() in [/var/www/poker/controllers/joueurs_controller.php, line 94]
2017-02-13 18:03:38 Warning: Warning (2): Invalid argument supplied for foreach() in [/var/www/poker/controllers/joueurs_controller.php, line 44]
2017-02-13 18:03:38 Warning: Warning (2): Invalid argument supplied for foreach() in [/var/www/poker/controllers/joueurs_controller.php, line 43]
2017-02-13 18:04:22 Warning: Warning (2): Illegal string offset 'Resultat' in [/var/www/poker/controllers/joueurs_controller.php, line 44]
2017-02-13 18:04:22 Warning: Warning (2): Invalid argument supplied for foreach() in [/var/www/poker/controllers/joueurs_controller.php, line 44]
2017-02-13 18:10:58 Warning: Warning (2): Invalid argument supplied for foreach() in [/var/www/poker/controllers/joueurs_controller.php, line 43]
2017-02-13 18:10:58 Warning: Warning (2): Invalid argument supplied for foreach() in [/var/www/poker/controllers/joueurs_controller.php, line 42]
2017-02-13 18:23:59 Warning: Warning (2): Invalid argument supplied for foreach() in [/var/www/poker/controllers/joueurs_controller.php, line 94]
2017-02-14 08:15:18 Warning: Warning (2): Invalid argument supplied for foreach() in [/var/www/poker/controllers/joueurs_controller.php, line 94]
2017-02-14 08:21:23 Warning: Warning (2): Invalid argument supplied for foreach() in [/var/www/poker/controllers/joueurs_controller.php, line 96]
2017-02-14 08:22:31 Warning: Warning (2): Invalid argument supplied for foreach() in [/var/www/poker/controllers/joueurs_controller.php, line 96]
2017-02-14 08:39:47 Warning: Warning (2): Invalid argument supplied for foreach() in [/var/www/poker/controllers/joueurs_controller.php, line 96]
2017-02-14 08:45:54 Warning: Warning (2): Invalid argument supplied for foreach() in [/var/www/poker/controllers/joueurs_controller.php, line 94]
2017-02-14 08:46:37 Warning: Warning (2): Invalid argument supplied for foreach() in [/var/www/poker/controllers/joueurs_controller.php, line 94]
2017-02-14 08:46:37 Warning: Warning (512): <span style="color:Red;text-align:left"><b>SQL Error:</b> 1054: Unknown column 'conditions' in 'where clause'</span> in [/usr/share/php/cake/libs/model/datasources/dbo_source.php, line 684]
2017-02-14 08:47:17 Warning: Warning (2): Invalid argument supplied for foreach() in [/var/www/poker/controllers/joueurs_controller.php, line 94]
2017-02-14 08:48:14 Warning: Warning (2): Invalid argument supplied for foreach() in [/var/www/poker/controllers/joueurs_controller.php, line 94]
2017-02-14 08:48:51 Warning: Warning (2): Invalid argument supplied for foreach() in [/var/www/poker/controllers/joueurs_controller.php, line 94]
2017-02-14 08:48:51 Warning: Warning (512): <span style="color:Red;text-align:left"><b>SQL Error:</b> 1054: Unknown column 'conditions' in 'where clause'</span> in [/usr/share/php/cake/libs/model/datasources/dbo_source.php, line 684]
2017-02-15 08:51:21 Warning: Warning (512): Method HtmlHelper::input does not exist in [/usr/share/php/cake/libs/view/helper.php, line 154]
2017-02-15 08:51:21 Warning: Warning (512): Method HtmlHelper::tagErrorMsg does not exist in [/usr/share/php/cake/libs/view/helper.php, line 154]
2017-02-15 08:51:21 Warning: Warning (512): Method HtmlHelper::submit does not exist in [/usr/share/php/cake/libs/view/helper.php, line 154]
2017-02-15 08:51:54 Warning: Warning (512): Method HtmlHelper::input does not exist in [/usr/share/php/cake/libs/view/helper.php, line 154]
2017-02-15 08:51:54 Warning: Warning (512): Method HtmlHelper::tagErrorMsg does not exist in [/usr/share/php/cake/libs/view/helper.php, line 154]
2017-02-15 08:51:54 Warning: Warning (512): Method HtmlHelper::submit does not exist in [/usr/share/php/cake/libs/view/helper.php, line 154]
2017-02-15 10:43:02 Warning: Warning (512): <span style="color:Red;text-align:left"><b>SQL Error:</b> 1064: You have an error in your SQL syntax; check the manual that corresponds to your MySQL server version for the right syntax to use near 'findAll' at line 1</span> in [/usr/share/php/cake/libs/model/datasources/dbo_source.php, line 684]
2017-02-15 10:43:02 Warning: Warning (2): Invalid argument supplied for foreach() in [/var/www/poker/views/parties/index.ctp, line 12]
2017-02-15 10:43:02 Warning: Warning (512): <span style="color:Red;text-align:left"><b>SQL Error:</b> 1064: You have an error in your SQL syntax; check the manual that corresponds to your MySQL server version for the right syntax to use near 'findAll' at line 1</span> in [/usr/share/php/cake/libs/model/datasources/dbo_source.php, line 684]
2017-02-15 10:43:02 Warning: Warning (2): Invalid argument supplied for foreach() in [/var/www/poker/views/parties/index.ctp, line 12]
2017-02-15 10:47:04 Warning: Warning (2): Missing argument 1 for SessionComponent::check(), called in /var/www/poker/controllers/joueurs_controller.php on line 246 and defined in [/usr/share/php/cake/libs/controller/components/session.php, line 171]
2017-02-15 10:50:48 Warning: Warning (2): Missing argument 1 for SessionHelper::check(), called in /var/www/poker/views/parties/index.ctp on line 22 and defined in [/usr/share/php/cake/libs/view/helpers/session.php, line 101]
2017-02-15 10:55:18 Warning: Warning (512): <span style="color:Red;text-align:left"><b>SQL Error:</b> 1064: You have an error in your SQL syntax; check the manual that corresponds to your MySQL server version for the right syntax to use near 'generateList' at line 1</span> in [/usr/share/php/cake/libs/model/datasources/dbo_source.php, line 684]
2017-02-15 10:55:18 Warning: Warning (512): <span style="color:Red;text-align:left"><b>SQL Error:</b> 1064: You have an error in your SQL syntax; check the manual that corresponds to your MySQL server version for the right syntax to use near 'generateList' at line 1</span> in [/usr/share/php/cake/libs/model/datasources/dbo_source.php, line 684]
2017-02-15 10:55:40 Warning: Warning (512): <span style="color:Red;text-align:left"><b>SQL Error:</b> 1064: You have an error in your SQL syntax; check the manual that corresponds to your MySQL server version for the right syntax to use near 'LIMIT 1' at line 1</span> in [/usr/share/php/cake/libs/model/datasources/dbo_source.php, line 684]
2017-02-15 10:55:41 Warning: Warning (512): <span style="color:Red;text-align:left"><b>SQL Error:</b> 1064: You have an error in your SQL syntax; check the manual that corresponds to your MySQL server version for the right syntax to use near 'LIMIT 1' at line 1</span> in [/usr/share/php/cake/libs/model/datasources/dbo_source.php, line 684]
2017-02-15 10:55:59 Warning: Warning (512): <span style="color:Red;text-align:left"><b>SQL Error:</b> 1064: You have an error in your SQL syntax; check the manual that corresponds to your MySQL server version for the right syntax to use near 'generateList' at line 1</span> in [/usr/share/php/cake/libs/model/datasources/dbo_source.php, line 684]
2017-02-15 10:56:16 Warning: Warning (512): <span style="color:Red;text-align:left"><b>SQL Error:</b> 1064: You have an error in your SQL syntax; check the manual that corresponds to your MySQL server version for the right syntax to use near 'generateList' at line 1</span> in [/usr/share/php/cake/libs/model/datasources/dbo_source.php, line 684]
2017-02-15 10:56:16 Warning: Warning (512): <span style="color:Red;text-align:left"><b>SQL Error:</b> 1064: You have an error in your SQL syntax; check the manual that corresponds to your MySQL server version for the right syntax to use near 'generateList' at line 1</span> in [/usr/share/php/cake/libs/model/datasources/dbo_source.php, line 684]
2017-02-15 10:59:08 Warning: Warning (512): <span style="color:Red;text-align:left"><b>SQL Error:</b> 1064: You have an error in your SQL syntax; check the manual that corresponds to your MySQL server version for the right syntax to use near 'generateList' at line 1</span> in [/usr/share/php/cake/libs/model/datasources/dbo_source.php, line 684]
2017-02-15 10:59:08 Warning: Warning (2): Invalid argument supplied for foreach() in [/var/www/poker/views/parties/view.ctp, line 10]
2017-02-15 10:59:26 Warning: Warning (512): <span style="color:Red;text-align:left"><b>SQL Error:</b> 1064: You have an error in your SQL syntax; check the manual that corresponds to your MySQL server version for the right syntax to use near 'generateList' at line 1</span> in [/usr/share/php/cake/libs/model/datasources/dbo_source.php, line 684]
2017-02-15 10:59:26 Warning: Warning (2): Invalid argument supplied for foreach() in [/var/www/poker/views/parties/view.ctp, line 10]
2017-02-15 11:00:18 Warning: Warning (512): <span style="color:Red;text-align:left"><b>SQL Error:</b> 1064: You have an error in your SQL syntax; check the manual that corresponds to your MySQL server version for the right syntax to use near 'generateList' at line 1</span> in [/usr/share/php/cake/libs/model/datasources/dbo_source.php, line 684]
2017-02-15 11:00:18 Warning: Warning (2): Invalid argument supplied for foreach() in [/var/www/poker/views/parties/view.ctp, line 10]
2017-02-15 11:00:18 Warning: Warning (512): <span style="color:Red;text-align:left"><b>SQL Error:</b> 1064: You have an error in your SQL syntax; check the manual that corresponds to your MySQL server version for the right syntax to use near 'generateList' at line 1</span> in [/usr/share/php/cake/libs/model/datasources/dbo_source.php, line 684]
2017-02-15 11:00:18 Warning: Warning (2): Invalid argument supplied for foreach() in [/var/www/poker/views/parties/view.ctp, line 10]
2017-02-15 11:01:18 Warning: Warning (2): Invalid argument supplied for foreach() in [/var/www/poker/views/parties/view.ctp, line 10]
2017-02-15 11:01:41 Warning: Warning (512): <span style="color:Red;text-align:left"><b>SQL Error:</b> 1064: You have an error in your SQL syntax; check the manual that corresponds to your MySQL server version for the right syntax to use near 'generateList' at line 1</span> in [/usr/share/php/cake/libs/model/datasources/dbo_source.php, line 684]
2017-02-15 11:01:41 Warning: Warning (2): Invalid argument supplied for foreach() in [/var/www/poker/views/parties/view.ctp, line 10]
2017-02-15 11:36:55 Warning: Warning (2): Invalid argument supplied for foreach() in [/var/www/poker/views/parties/view.ctp, line 10]
2017-02-15 11:37:31 Warning: Warning (2): Invalid argument supplied for foreach() in [/var/www/poker/views/parties/view.ctp, line 10]
2017-02-15 11:37:37 Warning: Warning (2): Invalid argument supplied for foreach() in [/var/www/poker/views/parties/view.ctp, line 10]
2017-02-15 11:40:00 Warning: Warning (2): Invalid argument supplied for foreach() in [/var/www/poker/views/parties/view.ctp, line 10]
2017-02-15 11:40:12 Warning: Warning (2): Invalid argument supplied for foreach() in [/var/www/poker/views/parties/view.ctp, line 10]
2017-02-15 11:40:13 Warning: Warning (2): Invalid argument supplied for foreach() in [/var/www/poker/views/parties/view.ctp, line 10]
2017-02-15 11:40:45 Warning: Warning (2): Invalid argument supplied for foreach() in [/var/www/poker/views/parties/view.ctp, line 10]
2017-02-15 11:45:37 Warning: Warning (2): Invalid argument supplied for foreach() in [/var/www/poker/views/parties/view.ctp, line 10]
2017-02-15 11:45:50 Warning: Warning (2): Invalid argument supplied for foreach() in [/var/www/poker/views/parties/view.ctp, line 10]
2017-02-15 11:46:01 Warning: Warning (2): Invalid argument supplied for foreach() in [/var/www/poker/views/parties/view.ctp, line 10]
2017-02-15 12:02:59 Warning: Warning (512): <span style="color:Red;text-align:left"><b>SQL Error:</b> 1064: You have an error in your SQL syntax; check the manual that corresponds to your MySQL server version for the right syntax to use near 'generateList' at line 1</span> in [/usr/share/php/cake/libs/model/datasources/dbo_source.php, line 684]
2017-02-15 12:23:12 Warning: Warning (512): Method HtmlHelper::input does not exist in [/usr/share/php/cake/libs/view/helper.php, line 154]
2017-02-15 12:23:12 Warning: Warning (512): Method HtmlHelper::password does not exist in [/usr/share/php/cake/libs/view/helper.php, line 154]
2017-02-15 12:23:12 Warning: Warning (512): Method HtmlHelper::submit does not exist in [/usr/share/php/cake/libs/view/helper.php, line 154]
2017-02-15 12:23:16 Warning: Warning (512): Method HtmlHelper::input does not exist in [/usr/share/php/cake/libs/view/helper.php, line 154]
2017-02-15 12:23:16 Warning: Warning (512): Method HtmlHelper::password does not exist in [/usr/share/php/cake/libs/view/helper.php, line 154]
2017-02-15 12:23:16 Warning: Warning (512): Method HtmlHelper::submit does not exist in [/usr/share/php/cake/libs/view/helper.php, line 154]
2017-02-15 12:26:09 Warning: Warning (512): Method HtmlHelper::input does not exist in [/usr/share/php/cake/libs/view/helper.php, line 154]
2017-02-15 12:26:09 Warning: Warning (512): Method HtmlHelper::password does not exist in [/usr/share/php/cake/libs/view/helper.php, line 154]
2017-02-15 12:26:09 Warning: Warning (512): Method HtmlHelper::submit does not exist in [/usr/share/php/cake/libs/view/helper.php, line 154]
2017-02-15 12:30:25 Warning: Warning (512): Method HtmlHelper::input does not exist in [/usr/share/php/cake/libs/view/helper.php, line 154]
2017-02-15 12:30:25 Warning: Warning (512): Method HtmlHelper::password does not exist in [/usr/share/php/cake/libs/view/helper.php, line 154]
2017-02-15 12:30:25 Warning: Warning (512): Method HtmlHelper::submit does not exist in [/usr/share/php/cake/libs/view/helper.php, line 154]
2017-02-15 12:31:12 Warning: Warning (512): Method HtmlHelper::input does not exist in [/usr/share/php/cake/libs/view/helper.php, line 154]
2017-02-15 12:31:12 Warning: Warning (512): Method HtmlHelper::password does not exist in [/usr/share/php/cake/libs/view/helper.php, line 154]
2017-02-15 12:31:12 Warning: Warning (512): Method HtmlHelper::submit does not exist in [/usr/share/php/cake/libs/view/helper.php, line 154]
2017-02-15 12:31:13 Warning: Warning (512): Method HtmlHelper::input does not exist in [/usr/share/php/cake/libs/view/helper.php, line 154]
2017-02-15 12:31:13 Warning: Warning (512): Method HtmlHelper::password does not exist in [/usr/share/php/cake/libs/view/helper.php, line 154]
2017-02-15 12:31:13 Warning: Warning (512): Method HtmlHelper::submit does not exist in [/usr/share/php/cake/libs/view/helper.php, line 154]
2017-02-15 12:31:21 Warning: Warning (512): Method HtmlHelper::input does not exist in [/usr/share/php/cake/libs/view/helper.php, line 154]
2017-02-15 12:31:21 Warning: Warning (512): Method HtmlHelper::password does not exist in [/usr/share/php/cake/libs/view/helper.php, line 154]
2017-02-15 12:31:21 Warning: Warning (512): Method HtmlHelper::submit does not exist in [/usr/share/php/cake/libs/view/helper.php, line 154]
2017-02-15 12:32:09 Warning: Warning (512): Method HtmlHelper::input does not exist in [/usr/share/php/cake/libs/view/helper.php, line 154]
2017-02-15 12:32:09 Warning: Warning (512): Method HtmlHelper::password does not exist in [/usr/share/php/cake/libs/view/helper.php, line 154]
2017-02-15 12:32:09 Warning: Warning (512): Method HtmlHelper::submit does not exist in [/usr/share/php/cake/libs/view/helper.php, line 154]
2017-02-15 12:32:10 Warning: Warning (512): Method HtmlHelper::input does not exist in [/usr/share/php/cake/libs/view/helper.php, line 154]
2017-02-15 12:32:10 Warning: Warning (512): Method HtmlHelper::password does not exist in [/usr/share/php/cake/libs/view/helper.php, line 154]
2017-02-15 12:32:10 Warning: Warning (512): Method HtmlHelper::submit does not exist in [/usr/share/php/cake/libs/view/helper.php, line 154]
2017-02-15 12:32:45 Warning: Warning (512): Method HtmlHelper::input does not exist in [/usr/share/php/cake/libs/view/helper.php, line 154]
2017-02-15 12:32:45 Warning: Warning (512): Method HtmlHelper::password does not exist in [/usr/share/php/cake/libs/view/helper.php, line 154]
2017-02-15 12:32:45 Warning: Warning (512): Method HtmlHelper::submit does not exist in [/usr/share/php/cake/libs/view/helper.php, line 154]
2017-02-15 12:34:08 Warning: Warning (512): Method HtmlHelper::input does not exist in [/usr/share/php/cake/libs/view/helper.php, line 154]
2017-02-15 12:34:08 Warning: Warning (512): Method HtmlHelper::password does not exist in [/usr/share/php/cake/libs/view/helper.php, line 154]
2017-02-15 12:34:08 Warning: Warning (512): Method HtmlHelper::submit does not exist in [/usr/share/php/cake/libs/view/helper.php, line 154]
2017-02-15 12:34:37 Warning: Warning (512): Method HtmlHelper::input does not exist in [/usr/share/php/cake/libs/view/helper.php, line 154]
2017-02-15 12:34:37 Warning: Warning (512): Method HtmlHelper::password does not exist in [/usr/share/php/cake/libs/view/helper.php, line 154]
2017-02-15 12:34:37 Warning: Warning (512): Method HtmlHelper::submit does not exist in [/usr/share/php/cake/libs/view/helper.php, line 154]
2017-02-15 12:34:47 Warning: Warning (512): Method HtmlHelper::input does not exist in [/usr/share/php/cake/libs/view/helper.php, line 154]
2017-02-15 12:34:47 Warning: Warning (512): Method HtmlHelper::password does not exist in [/usr/share/php/cake/libs/view/helper.php, line 154]
2017-02-15 12:34:47 Warning: Warning (512): Method HtmlHelper::submit does not exist in [/usr/share/php/cake/libs/view/helper.php, line 154]
2017-02-15 12:35:13 Warning: Warning (512): Method HtmlHelper::input does not exist in [/usr/share/php/cake/libs/view/helper.php, line 154]
2017-02-15 12:35:13 Warning: Warning (512): Method HtmlHelper::password does not exist in [/usr/share/php/cake/libs/view/helper.php, line 154]
2017-02-15 12:35:13 Warning: Warning (512): Method HtmlHelper::submit does not exist in [/usr/share/php/cake/libs/view/helper.php, line 154]
2017-02-15 12:35:54 Warning: Warning (512): Method HtmlHelper::input does not exist in [/usr/share/php/cake/libs/view/helper.php, line 154]
2017-02-15 12:35:54 Warning: Warning (512): Method HtmlHelper::password does not exist in [/usr/share/php/cake/libs/view/helper.php, line 154]
2017-02-15 12:35:54 Warning: Warning (512): Method HtmlHelper::submit does not exist in [/usr/share/php/cake/libs/view/helper.php, line 154]
2017-02-15 12:37:00 Warning: Warning (512): Method HtmlHelper::input does not exist in [/usr/share/php/cake/libs/view/helper.php, line 154]
2017-02-15 12:37:00 Warning: Warning (512): Method HtmlHelper::password does not exist in [/usr/share/php/cake/libs/view/helper.php, line 154]
2017-02-15 12:37:00 Warning: Warning (512): Method HtmlHelper::submit does not exist in [/usr/share/php/cake/libs/view/helper.php, line 154]
2017-02-15 12:37:02 Warning: Warning (512): Method HtmlHelper::input does not exist in [/usr/share/php/cake/libs/view/helper.php, line 154]
2017-02-15 12:37:02 Warning: Warning (512): Method HtmlHelper::password does not exist in [/usr/share/php/cake/libs/view/helper.php, line 154]
2017-02-15 12:37:02 Warning: Warning (512): Method HtmlHelper::submit does not exist in [/usr/share/php/cake/libs/view/helper.php, line 154]
2017-02-15 12:37:50 Warning: Warning (512): Method HtmlHelper::password does not exist in [/usr/share/php/cake/libs/view/helper.php, line 154]
2017-02-15 12:37:50 Warning: Warning (512): Method HtmlHelper::submit does not exist in [/usr/share/php/cake/libs/view/helper.php, line 154]
2017-02-15 12:38:08 Warning: Warning (512): Method HtmlHelper::password does not exist in [/usr/share/php/cake/libs/view/helper.php, line 154]
2017-02-15 12:38:08 Warning: Warning (512): Method HtmlHelper::submit does not exist in [/usr/share/php/cake/libs/view/helper.php, line 154]
2017-02-15 12:40:06 Warning: Warning (512): Method HtmlHelper::password does not exist in [/usr/share/php/cake/libs/view/helper.php, line 154]
2017-02-15 12:40:06 Warning: Warning (512): Method HtmlHelper::submit does not exist in [/usr/share/php/cake/libs/view/helper.php, line 154]
2017-02-15 12:40:13 Warning: Warning (512): Method HtmlHelper::password does not exist in [/usr/share/php/cake/libs/view/helper.php, line 154]
2017-02-15 12:40:13 Warning: Warning (512): Method HtmlHelper::submit does not exist in [/usr/share/php/cake/libs/view/helper.php, line 154]
2017-02-15 12:40:13 Warning: Warning (512): Method HtmlHelper::password does not exist in [/usr/share/php/cake/libs/view/helper.php, line 154]
2017-02-15 12:40:13 Warning: Warning (512): Method HtmlHelper::submit does not exist in [/usr/share/php/cake/libs/view/helper.php, line 154]
2017-02-15 12:40:29 Warning: Warning (512): Method HtmlHelper::submit does not exist in [/usr/share/php/cake/libs/view/helper.php, line 154]
2017-02-15 12:40:42 Warning: Warning (512): Method HtmlHelper::submit does not exist in [/usr/share/php/cake/libs/view/helper.php, line 154]
2017-02-15 12:40:55 Warning: Warning (512): Method HtmlHelper::submit does not exist in [/usr/share/php/cake/libs/view/helper.php, line 154]
2017-02-15 12:40:56 Warning: Warning (512): Method HtmlHelper::submit does not exist in [/usr/share/php/cake/libs/view/helper.php, line 154]
2017-02-15 12:41:39 Warning: Warning (512): Method HtmlHelper::submit does not exist in [/usr/share/php/cake/libs/view/helper.php, line 154]
2017-02-15 12:41:53 Warning: Warning (512): Method HtmlHelper::submit does not exist in [/usr/share/php/cake/libs/view/helper.php, line 154]
2017-02-15 12:42:06 Warning: Warning (512): Method HtmlHelper::submit does not exist in [/usr/share/php/cake/libs/view/helper.php, line 154]
2017-02-15 12:55:52 Warning: Warning (2): Missing argument 1 for FormHelper::input(), called in /var/www/poker/views/users/login.ctp on line 10 and defined in [/usr/share/php/cake/libs/view/helpers/form.php, line 716]
2017-02-15 12:55:52 Warning: Warning (2): Missing argument 1 for FormHelper::password(), called in /var/www/poker/views/users/login.ctp on line 14 and defined in [/usr/share/php/cake/libs/view/helpers/form.php, line 1166]
2017-02-15 13:08:50 Warning: Warning (512): <span style="color:Red;text-align:left"><b>SQL Error:</b> 1064: You have an error in your SQL syntax; check the manual that corresponds to your MySQL server version for the right syntax to use near 'del' at line 1</span> in [/usr/share/php/cake/libs/model/datasources/dbo_source.php, line 684]
2017-02-15 13:08:50 Warning: Warning (512): <span style="color:Red;text-align:left"><b>SQL Error:</b> 1064: You have an error in your SQL syntax; check the manual that corresponds to your MySQL server version for the right syntax to use near 'del' at line 1</span> in [/usr/share/php/cake/libs/model/datasources/dbo_source.php, line 684]
2017-02-15 13:21:38 Warning: Warning (512): Method HtmlHelper::selectTag does not exist in [/usr/share/php/cake/libs/view/helper.php, line 154]
2017-02-15 13:21:38 Warning: Warning (512): Method HtmlHelper::tagErrorMsg does not exist in [/usr/share/php/cake/libs/view/helper.php, line 154]
2017-02-15 13:21:38 Warning: Warning (512): Method HtmlHelper::input does not exist in [/usr/share/php/cake/libs/view/helper.php, line 154]
2017-02-15 13:21:38 Warning: Warning (512): Method HtmlHelper::hidden does not exist in [/usr/share/php/cake/libs/view/helper.php, line 154]
2017-02-15 13:21:38 Warning: Warning (512): Method HtmlHelper::submit does not exist in [/usr/share/php/cake/libs/view/helper.php, line 154]
2017-02-15 13:21:58 Warning: Warning (512): Method HtmlHelper::selectTag does not exist in [/usr/share/php/cake/libs/view/helper.php, line 154]
2017-02-15 13:21:58 Warning: Warning (512): Method HtmlHelper::tagErrorMsg does not exist in [/usr/share/php/cake/libs/view/helper.php, line 154]
2017-02-15 13:21:58 Warning: Warning (512): Method HtmlHelper::input does not exist in [/usr/share/php/cake/libs/view/helper.php, line 154]
2017-02-15 13:21:58 Warning: Warning (512): Method HtmlHelper::hidden does not exist in [/usr/share/php/cake/libs/view/helper.php, line 154]
2017-02-15 13:21:58 Warning: Warning (512): Method HtmlHelper::submit does not exist in [/usr/share/php/cake/libs/view/helper.php, line 154]
2017-02-15 13:22:14 Warning: Warning (512): Method HtmlHelper::selectTag does not exist in [/usr/share/php/cake/libs/view/helper.php, line 154]
2017-02-15 13:22:14 Warning: Warning (512): Method HtmlHelper::tagErrorMsg does not exist in [/usr/share/php/cake/libs/view/helper.php, line 154]
2017-02-15 13:22:14 Warning: Warning (512): Method HtmlHelper::input does not exist in [/usr/share/php/cake/libs/view/helper.php, line 154]
2017-02-15 13:22:14 Warning: Warning (512): Method HtmlHelper::hidden does not exist in [/usr/share/php/cake/libs/view/helper.php, line 154]
2017-02-15 13:22:14 Warning: Warning (512): Method HtmlHelper::submit does not exist in [/usr/share/php/cake/libs/view/helper.php, line 154]
2017-02-15 13:22:41 Warning: Warning (512): Method HtmlHelper::selectTag does not exist in [/usr/share/php/cake/libs/view/helper.php, line 154]
2017-02-15 13:22:41 Warning: Warning (512): Method HtmlHelper::tagErrorMsg does not exist in [/usr/share/php/cake/libs/view/helper.php, line 154]
2017-02-15 13:22:41 Warning: Warning (512): Method HtmlHelper::input does not exist in [/usr/share/php/cake/libs/view/helper.php, line 154]
2017-02-15 13:22:41 Warning: Warning (512): Method HtmlHelper::hidden does not exist in [/usr/share/php/cake/libs/view/helper.php, line 154]
2017-02-15 13:22:41 Warning: Warning (512): Method HtmlHelper::submit does not exist in [/usr/share/php/cake/libs/view/helper.php, line 154]
2017-02-15 13:25:27 Warning: Warning (512): Method HtmlHelper::selectTag does not exist in [/usr/share/php/cake/libs/view/helper.php, line 154]
2017-02-15 13:25:27 Warning: Warning (512): Method HtmlHelper::tagErrorMsg does not exist in [/usr/share/php/cake/libs/view/helper.php, line 154]
2017-02-15 13:25:27 Warning: Warning (512): Method HtmlHelper::input does not exist in [/usr/share/php/cake/libs/view/helper.php, line 154]
2017-02-15 13:25:27 Warning: Warning (512): Method HtmlHelper::hidden does not exist in [/usr/share/php/cake/libs/view/helper.php, line 154]
2017-02-15 13:25:27 Warning: Warning (512): Method HtmlHelper::submit does not exist in [/usr/share/php/cake/libs/view/helper.php, line 154]
2017-02-15 13:26:31 Warning: Warning (512): Method HtmlHelper::selectTag does not exist in [/usr/share/php/cake/libs/view/helper.php, line 154]
2017-02-15 13:26:31 Warning: Warning (512): Method HtmlHelper::tagErrorMsg does not exist in [/usr/share/php/cake/libs/view/helper.php, line 154]
2017-02-15 13:26:31 Warning: Warning (512): Method HtmlHelper::input does not exist in [/usr/share/php/cake/libs/view/helper.php, line 154]
2017-02-15 13:26:31 Warning: Warning (512): Method HtmlHelper::hidden does not exist in [/usr/share/php/cake/libs/view/helper.php, line 154]
2017-02-15 13:26:31 Warning: Warning (512): Method HtmlHelper::submit does not exist in [/usr/share/php/cake/libs/view/helper.php, line 154]
2017-02-15 13:31:51 Warning: Warning (2): Invalid argument supplied for foreach() in [/var/www/poker/views/parties/view.ctp, line 10]
2017-02-15 13:31:51 Warning: Warning (512): Method HtmlHelper::selectTag does not exist in [/usr/share/php/cake/libs/view/helper.php, line 154]
2017-02-15 13:31:51 Warning: Warning (512): Method HtmlHelper::tagErrorMsg does not exist in [/usr/share/php/cake/libs/view/helper.php, line 154]
2017-02-15 13:31:51 Warning: Warning (512): Method HtmlHelper::input does not exist in [/usr/share/php/cake/libs/view/helper.php, line 154]
2017-02-15 13:31:51 Warning: Warning (512): Method HtmlHelper::hidden does not exist in [/usr/share/php/cake/libs/view/helper.php, line 154]
2017-02-15 13:31:51 Warning: Warning (512): Method HtmlHelper::submit does not exist in [/usr/share/php/cake/libs/view/helper.php, line 154]
2017-02-15 13:31:56 Warning: Warning (2): Invalid argument supplied for foreach() in [/var/www/poker/views/parties/view.ctp, line 10]
2017-02-15 13:31:56 Warning: Warning (512): Method HtmlHelper::selectTag does not exist in [/usr/share/php/cake/libs/view/helper.php, line 154]
2017-02-15 13:31:56 Warning: Warning (512): Method HtmlHelper::tagErrorMsg does not exist in [/usr/share/php/cake/libs/view/helper.php, line 154]
2017-02-15 13:31:56 Warning: Warning (512): Method HtmlHelper::input does not exist in [/usr/share/php/cake/libs/view/helper.php, line 154]
2017-02-15 13:31:56 Warning: Warning (512): Method HtmlHelper::hidden does not exist in [/usr/share/php/cake/libs/view/helper.php, line 154]
2017-02-15 13:31:56 Warning: Warning (512): Method HtmlHelper::submit does not exist in [/usr/share/php/cake/libs/view/helper.php, line 154]
2017-02-15 13:31:59 Warning: Warning (512): Method HtmlHelper::selectTag does not exist in [/usr/share/php/cake/libs/view/helper.php, line 154]
2017-02-15 13:31:59 Warning: Warning (512): Method HtmlHelper::tagErrorMsg does not exist in [/usr/share/php/cake/libs/view/helper.php, line 154]
2017-02-15 13:31:59 Warning: Warning (512): Method HtmlHelper::input does not exist in [/usr/share/php/cake/libs/view/helper.php, line 154]
2017-02-15 13:31:59 Warning: Warning (512): Method HtmlHelper::hidden does not exist in [/usr/share/php/cake/libs/view/helper.php, line 154]
2017-02-15 13:31:59 Warning: Warning (512): Method HtmlHelper::submit does not exist in [/usr/share/php/cake/libs/view/helper.php, line 154]
2017-02-15 13:35:31 Warning: Warning (512): Method HtmlHelper::selectTag does not exist in [/usr/share/php/cake/libs/view/helper.php, line 154]
2017-02-15 13:35:31 Warning: Warning (512): Method HtmlHelper::tagErrorMsg does not exist in [/usr/share/php/cake/libs/view/helper.php, line 154]
2017-02-15 13:35:31 Warning: Warning (512): Method HtmlHelper::input does not exist in [/usr/share/php/cake/libs/view/helper.php, line 154]
2017-02-15 13:35:31 Warning: Warning (512): Method HtmlHelper::hidden does not exist in [/usr/share/php/cake/libs/view/helper.php, line 154]
2017-02-15 13:35:31 Warning: Warning (512): Method HtmlHelper::submit does not exist in [/usr/share/php/cake/libs/view/helper.php, line 154]
2017-02-15 13:35:38 Warning: Warning (512): Method HtmlHelper::selectTag does not exist in [/usr/share/php/cake/libs/view/helper.php, line 154]
2017-02-15 13:35:38 Warning: Warning (512): Method HtmlHelper::tagErrorMsg does not exist in [/usr/share/php/cake/libs/view/helper.php, line 154]
2017-02-15 13:35:38 Warning: Warning (512): Method HtmlHelper::input does not exist in [/usr/share/php/cake/libs/view/helper.php, line 154]
2017-02-15 13:35:38 Warning: Warning (512): Method HtmlHelper::hidden does not exist in [/usr/share/php/cake/libs/view/helper.php, line 154]
2017-02-15 13:35:38 Warning: Warning (512): Method HtmlHelper::submit does not exist in [/usr/share/php/cake/libs/view/helper.php, line 154]
2017-02-15 13:36:11 Warning: Warning (512): Method HtmlHelper::selectTag does not exist in [/usr/share/php/cake/libs/view/helper.php, line 154]
2017-02-15 13:36:11 Warning: Warning (512): Method HtmlHelper::tagErrorMsg does not exist in [/usr/share/php/cake/libs/view/helper.php, line 154]
2017-02-15 13:36:11 Warning: Warning (512): Method HtmlHelper::input does not exist in [/usr/share/php/cake/libs/view/helper.php, line 154]
2017-02-15 13:36:11 Warning: Warning (512): Method HtmlHelper::hidden does not exist in [/usr/share/php/cake/libs/view/helper.php, line 154]
2017-02-15 13:36:11 Warning: Warning (512): Method HtmlHelper::submit does not exist in [/usr/share/php/cake/libs/view/helper.php, line 154]
2017-02-15 13:38:59 Warning: Warning (512): Method HtmlHelper::selectTag does not exist in [/usr/share/php/cake/libs/view/helper.php, line 154]
2017-02-15 13:38:59 Warning: Warning (512): Method HtmlHelper::tagErrorMsg does not exist in [/usr/share/php/cake/libs/view/helper.php, line 154]
2017-02-15 13:38:59 Warning: Warning (512): Method HtmlHelper::input does not exist in [/usr/share/php/cake/libs/view/helper.php, line 154]
2017-02-15 13:38:59 Warning: Warning (512): Method HtmlHelper::hidden does not exist in [/usr/share/php/cake/libs/view/helper.php, line 154]
2017-02-15 13:38:59 Warning: Warning (512): Method HtmlHelper::submit does not exist in [/usr/share/php/cake/libs/view/helper.php, line 154]
2017-02-15 13:39:20 Warning: Warning (512): Method HtmlHelper::selectTag does not exist in [/usr/share/php/cake/libs/view/helper.php, line 154]
2017-02-15 13:39:20 Warning: Warning (512): Method HtmlHelper::tagErrorMsg does not exist in [/usr/share/php/cake/libs/view/helper.php, line 154]
2017-02-15 13:39:20 Warning: Warning (512): Method HtmlHelper::input does not exist in [/usr/share/php/cake/libs/view/helper.php, line 154]
2017-02-15 13:39:20 Warning: Warning (512): Method HtmlHelper::hidden does not exist in [/usr/share/php/cake/libs/view/helper.php, line 154]
2017-02-15 13:39:20 Warning: Warning (512): Method HtmlHelper::submit does not exist in [/usr/share/php/cake/libs/view/helper.php, line 154]
2017-02-15 13:39:31 Warning: Warning (512): Method HtmlHelper::selectTag does not exist in [/usr/share/php/cake/libs/view/helper.php, line 154]
2017-02-15 13:39:31 Warning: Warning (512): Method HtmlHelper::tagErrorMsg does not exist in [/usr/share/php/cake/libs/view/helper.php, line 154]
2017-02-15 13:39:31 Warning: Warning (512): Method HtmlHelper::input does not exist in [/usr/share/php/cake/libs/view/helper.php, line 154]
2017-02-15 13:39:31 Warning: Warning (512): Method HtmlHelper::hidden does not exist in [/usr/share/php/cake/libs/view/helper.php, line 154]
2017-02-15 13:39:31 Warning: Warning (512): Method HtmlHelper::submit does not exist in [/usr/share/php/cake/libs/view/helper.php, line 154]
2017-02-15 13:41:04 Warning: Warning (512): Method HtmlHelper::selectTag does not exist in [/usr/share/php/cake/libs/view/helper.php, line 154]
2017-02-15 13:41:04 Warning: Warning (512): Method HtmlHelper::tagErrorMsg does not exist in [/usr/share/php/cake/libs/view/helper.php, line 154]
2017-02-15 13:41:04 Warning: Warning (512): Method HtmlHelper::input does not exist in [/usr/share/php/cake/libs/view/helper.php, line 154]
2017-02-15 13:41:04 Warning: Warning (512): Method HtmlHelper::hidden does not exist in [/usr/share/php/cake/libs/view/helper.php, line 154]
2017-02-15 13:41:04 Warning: Warning (512): Method HtmlHelper::submit does not exist in [/usr/share/php/cake/libs/view/helper.php, line 154]
2017-02-15 13:41:07 Warning: Warning (512): Method HtmlHelper::selectTag does not exist in [/usr/share/php/cake/libs/view/helper.php, line 154]
2017-02-15 13:41:07 Warning: Warning (512): Method HtmlHelper::tagErrorMsg does not exist in [/usr/share/php/cake/libs/view/helper.php, line 154]
2017-02-15 13:41:07 Warning: Warning (512): Method HtmlHelper::input does not exist in [/usr/share/php/cake/libs/view/helper.php, line 154]
2017-02-15 13:41:07 Warning: Warning (512): Method HtmlHelper::hidden does not exist in [/usr/share/php/cake/libs/view/helper.php, line 154]
2017-02-15 13:41:07 Warning: Warning (512): Method HtmlHelper::submit does not exist in [/usr/share/php/cake/libs/view/helper.php, line 154]
2017-02-15 13:42:23 Warning: Warning (512): <span style="color:Red;text-align:left"><b>SQL Error:</b> 1064: You have an error in your SQL syntax; check the manual that corresponds to your MySQL server version for the right syntax to use near 'LIMIT 1' at line 1</span> in [/usr/share/php/cake/libs/model/datasources/dbo_source.php, line 684]
2017-02-15 14:05:26 Warning: Warning (2): Invalid argument supplied for foreach() in [/var/www/poker/views/parties/view.ctp, line 10]
2017-02-15 14:06:19 Warning: Warning (2): Invalid argument supplied for foreach() in [/var/www/poker/views/parties/view.ctp, line 10]
2017-02-15 14:06:21 Warning: Warning (2): Invalid argument supplied for foreach() in [/var/www/poker/views/parties/view.ctp, line 10]
2017-02-15 14:06:24 Warning: Warning (2): Invalid argument supplied for foreach() in [/var/www/poker/views/parties/view.ctp, line 10]
2017-02-15 14:06:31 Warning: Warning (2): Invalid argument supplied for foreach() in [/var/www/poker/views/parties/view.ctp, line 10]
2017-02-15 14:06:44 Warning: Warning (2): Invalid argument supplied for foreach() in [/var/www/poker/views/parties/view.ctp, line 10]
2017-02-15 14:08:24 Warning: Warning (2): Invalid argument supplied for foreach() in [/var/www/poker/views/parties/view.ctp, line 10]
2017-02-15 14:09:48 Warning: Warning (2): Invalid argument supplied for foreach() in [/var/www/poker/views/parties/view.ctp, line 10]
2017-02-15 14:09:52 Warning: Warning (2): Invalid argument supplied for foreach() in [/var/www/poker/views/parties/view.ctp, line 10]
2017-02-15 15:04:33 Warning: Warning (2): Invalid argument supplied for foreach() in [/var/www/poker/views/parties/view.ctp, line 10]
2017-02-15 15:06:07 Warning: Warning (2): Invalid argument supplied for foreach() in [/var/www/poker/views/parties/view.ctp, line 10]
2017-02-15 15:07:22 Warning: Warning (2): Invalid argument supplied for foreach() in [/var/www/poker/views/parties/view.ctp, line 10]
2017-02-15 15:07:44 Warning: Warning (2): Invalid argument supplied for foreach() in [/var/www/poker/views/parties/view.ctp, line 10]
2017-02-15 15:09:41 Warning: Warning (2): Invalid argument supplied for foreach() in [/var/www/poker/views/parties/view.ctp, line 10]
2017-02-15 15:10:26 Warning: Warning (2): Invalid argument supplied for foreach() in [/var/www/poker/views/parties/view.ctp, line 10]
2017-02-15 15:11:02 Warning: Warning (2): Invalid argument supplied for foreach() in [/var/www/poker/views/parties/view.ctp, line 10]
2017-02-15 15:11:16 Warning: Warning (2): Invalid argument supplied for foreach() in [/var/www/poker/views/parties/view.ctp, line 10]
2017-02-15 15:12:29 Warning: Warning (2): Invalid argument supplied for foreach() in [/var/www/poker/views/parties/view.ctp, line 10]
2017-02-15 15:12:40 Warning: Warning (2): Invalid argument supplied for foreach() in [/var/www/poker/views/parties/view.ctp, line 10]
2017-02-15 15:13:17 Warning: Warning (2): Invalid argument supplied for foreach() in [/var/www/poker/views/parties/view.ctp, line 10]
2017-02-15 15:14:04 Warning: Warning (2): Invalid argument supplied for foreach() in [/var/www/poker/views/parties/view.ctp, line 10]
2017-02-15 15:14:11 Warning: Warning (2): Invalid argument supplied for foreach() in [/var/www/poker/views/parties/view.ctp, line 10]
2017-02-15 15:14:42 Warning: Warning (2): Invalid argument supplied for foreach() in [/var/www/poker/views/parties/view.ctp, line 10]
2017-02-15 15:15:03 Warning: Warning (2): Invalid argument supplied for foreach() in [/var/www/poker/views/parties/view.ctp, line 10]
2017-02-15 15:15:25 Warning: Warning (2): Invalid argument supplied for foreach() in [/var/www/poker/views/parties/view.ctp, line 10]
2017-02-15 15:15:44 Warning: Warning (2): Invalid argument supplied for foreach() in [/var/www/poker/views/parties/view.ctp, line 10]
2017-02-15 15:17:45 Warning: Warning (2): Missing argument 2 for Controller::flash(), called in /var/www/poker/controllers/resultats_controller.php on line 17 and defined in [/usr/share/php/cake/libs/controller/controller.php, line 973]
2017-02-15 15:17:45 Warning: Warning (2): Missing argument 2 for Controller::flash(), called in /var/www/poker/controllers/resultats_controller.php on line 17 and defined in [/usr/share/php/cake/libs/controller/controller.php, line 973]
2017-02-15 15:22:35 Warning: Warning (2): Invalid argument supplied for foreach() in [/var/www/poker/controllers/joueurs_controller.php, line 229]
2017-02-15 15:22:35 Warning: Warning (2): Invalid argument supplied for foreach() in [/var/www/poker/controllers/joueurs_controller.php, line 229]
2017-02-15 15:22:45 Warning: Warning (2): Invalid argument supplied for foreach() in [/var/www/poker/controllers/joueurs_controller.php, line 229]
2017-02-15 15:22:45 Warning: Warning (2): Invalid argument supplied for foreach() in [/var/www/poker/controllers/joueurs_controller.php, line 229]
2017-02-15 15:22:54 Warning: Warning (2): Invalid argument supplied for foreach() in [/var/www/poker/controllers/joueurs_controller.php, line 229]
2017-02-15 15:23:01 Warning: Warning (2): Invalid argument supplied for foreach() in [/var/www/poker/controllers/joueurs_controller.php, line 229]
2017-02-15 15:23:10 Warning: Warning (2): Invalid argument supplied for foreach() in [/var/www/poker/controllers/joueurs_controller.php, line 229]
2017-02-15 15:23:10 Warning: Warning (2): Invalid argument supplied for foreach() in [/var/www/poker/controllers/joueurs_controller.php, line 229]
2017-02-15 15:23:53 Warning: Warning (2): Invalid argument supplied for foreach() in [/var/www/poker/controllers/joueurs_controller.php, line 229]
